Using pre-set license
Built from '2021.3/release' branch; Version is '2021.3.17f1 (3e8111cac19d) revision 4096273'; Using compiler version '192829333'; Build Type 'Release'
OS: 'Windows 11  (10.0.22621) 64bit Core' Language: 'en' Physical Memory: 16305 MB
BatchMode: 1, IsHumanControllingUs: 0, StartBugReporterOnCrash: 0, Is64bit: 1, IsPro: 1

COMMAND LINE ARGUMENTS:
C:\Program Files\Unity 2021.3.17f1\Editor\Unity.exe
-adb2
-batchMode
-noUpm
-name
AssetImportWorker5
-projectPath
C:/Users/garra/Documents/UnityGame/Unwind Escape/Unwind Escape
-logFile
Logs/AssetImportWorker5.log
-srvPort
62849
Successfully changed project path to: C:/Users/garra/Documents/UnityGame/Unwind Escape/Unwind Escape
C:/Users/garra/Documents/UnityGame/Unwind Escape/Unwind Escape
[UnityMemory] Configuration Parameters - Can be set up in boot.config
    "memorysetup-bucket-allocator-granularity=16"
    "memorysetup-bucket-allocator-bucket-count=8"
    "memorysetup-bucket-allocator-block-size=33554432"
    "memorysetup-bucket-allocator-block-count=8"
    "memorysetup-main-allocator-block-size=16777216"
    "memorysetup-thread-allocator-block-size=16777216"
    "memorysetup-gfx-main-allocator-block-size=16777216"
    "memorysetup-gfx-thread-allocator-block-size=16777216"
    "memorysetup-cache-allocator-block-size=4194304"
    "memorysetup-typetree-allocator-block-size=2097152"
    "memorysetup-profiler-bucket-allocator-granularity=16"
    "memorysetup-profiler-bucket-allocator-bucket-count=8"
    "memorysetup-profiler-bucket-allocator-block-size=33554432"
    "memorysetup-profiler-bucket-allocator-block-count=8"
    "memorysetup-profiler-allocator-block-size=16777216"
    "memorysetup-profiler-editor-allocator-block-size=1048576"
    "memorysetup-temp-allocator-size-main=16777216"
    "memorysetup-job-temp-allocator-block-size=2097152"
    "memorysetup-job-temp-allocator-block-size-background=1048576"
    "memorysetup-job-temp-allocator-reduction-small-platforms=262144"
    "memorysetup-temp-allocator-size-background-worker=32768"
    "memorysetup-temp-allocator-size-job-worker=262144"
    "memorysetup-temp-allocator-size-preload-manager=33554432"
    "memorysetup-temp-allocator-size-nav-mesh-worker=65536"
    "memorysetup-temp-allocator-size-audio-worker=65536"
    "memorysetup-temp-allocator-size-cloud-worker=32768"
    "memorysetup-temp-allocator-size-gi-baking-worker=262144"
    "memorysetup-temp-allocator-size-gfx=262144"
Player connection [11276] Host "[IP] 192.168.0.198 [Port] 0 [Flags] 2 [Guid] 1686413133 [EditorId] 1686413133 [Version] 1048832 [Id] WindowsEditor(7,AlienwareR14) [Debug] 1 [PackageName] WindowsEditor [ProjectName] Editor" joined multi-casting on [225.0.0.222:54997]...

Player connection [11276] Host "[IP] 192.168.0.198 [Port] 0 [Flags] 2 [Guid] 1686413133 [EditorId] 1686413133 [Version] 1048832 [Id] WindowsEditor(7,AlienwareR14) [Debug] 1 [PackageName] WindowsEditor [ProjectName] Editor" joined alternative multi-casting on [225.0.0.222:34997]...

Refreshing native plugins compatible for Editor in 127.52 ms, found 3 plugins.
Preloading 0 native plugins for Editor in 0.00 ms.
Initialize engine version: 2021.3.17f1 (3e8111cac19d)
[Subsystems] Discovering subsystems at path C:/Program Files/Unity 2021.3.17f1/Editor/Data/Resources/UnitySubsystems
[Subsystems] Discovering subsystems at path C:/Users/garra/Documents/UnityGame/Unwind Escape/Unwind Escape/Assets
GfxDevice: creating device client; threaded=0; jobified=0
Direct3D:
    Version:  Direct3D 11.0 [level 11.1]
    Renderer: NVIDIA GeForce RTX 3060 (ID=0x2504)
    Vendor:   NVIDIA
    VRAM:     12129 MB
    Driver:   31.0.15.3623
Initialize mono
Mono path[0] = 'C:/Program Files/Unity 2021.3.17f1/Editor/Data/Managed'
Mono path[1] = 'C:/Program Files/Unity 2021.3.17f1/Editor/Data/MonoBleedingEdge/lib/mono/unityjit-win32'
Mono config path = 'C:/Program Files/Unity 2021.3.17f1/Editor/Data/MonoBleedingEdge/etc'
Using monoOptions --debugger-agent=transport=dt_socket,embedding=1,server=y,suspend=n,address=127.0.0.1:56004
Begin MonoManager ReloadAssembly
Registering precompiled unity dll's ...
Register platform support module: C:/Program Files/Unity 2021.3.17f1/Editor/Data/PlaybackEngines/WindowsStandaloneSupport/UnityEditor.WindowsStandalone.Extensions.dll
Registered in 0.004912 seconds.
Native extension for WindowsStandalone target not found
Refreshing native plugins compatible for Editor in 108.82 ms, found 3 plugins.
Preloading 0 native plugins for Editor in 0.00 ms.
Mono: successfully reloaded assembly
- Completed reload, in  0.749 seconds
Domain Reload Profiling:
	ReloadAssembly (750ms)
		BeginReloadAssembly (80ms)
			ExecutionOrderSort (0ms)
			DisableScriptedObjects (0ms)
			BackupInstance (0ms)
			ReleaseScriptingObjects (0ms)
			CreateAndSetChildDomain (1ms)
		EndReloadAssembly (547ms)
			LoadAssemblies (78ms)
			RebuildTransferFunctionScriptingTraits (0ms)
			SetupTypeCache (111ms)
			ReleaseScriptCaches (0ms)
			RebuildScriptCaches (31ms)
			SetupLoadedEditorAssemblies (346ms)
				LogAssemblyErrors (0ms)
				InitializePlatformSupportModulesInManaged (8ms)
				SetLoadedEditorAssemblies (0ms)
				RefreshPlugins (109ms)
				BeforeProcessingInitializeOnLoad (1ms)
				ProcessInitializeOnLoadAttributes (157ms)
				ProcessInitializeOnLoadMethodAttributes (70ms)
				AfterProcessingInitializeOnLoad (0ms)
				EditorAssembliesLoaded (0ms)
			ExecutionOrderSort2 (0ms)
			AwakeInstancesAfterBackupRestoration (0ms)
Platform modules already initialized, skipping
Registering precompiled user dll's ...
Registered in 0.011111 seconds.
Begin MonoManager ReloadAssembly
Symbol file LoadedFromMemory doesn't match image C:\Users\garra\Documents\UnityGame\Unwind Escape\Unwind Escape\Library\PackageCache\com.unity.visualscripting@1.8.0\Editor\VisualScripting.Core\Dependencies\YamlDotNet\Unity.VisualScripting.YamlDotNet.dll
Symbol file LoadedFromMemory doesn't match image C:\Users\garra\Documents\UnityGame\Unwind Escape\Unwind Escape\Library\PackageCache\com.unity.visualscripting@1.8.0\Editor\VisualScripting.Core\Dependencies\DotNetZip\Unity.VisualScripting.IonicZip.dll
Native extension for WindowsStandalone target not found
Refreshing native plugins compatible for Editor in 1.55 ms, found 3 plugins.
Preloading 0 native plugins for Editor in 0.00 ms.
Mono: successfully reloaded assembly
- Completed reload, in  1.207 seconds
Domain Reload Profiling:
	ReloadAssembly (1207ms)
		BeginReloadAssembly (128ms)
			ExecutionOrderSort (0ms)
			DisableScriptedObjects (7ms)
			BackupInstance (0ms)
			ReleaseScriptingObjects (0ms)
			CreateAndSetChildDomain (24ms)
		EndReloadAssembly (948ms)
			LoadAssemblies (94ms)
			RebuildTransferFunctionScriptingTraits (0ms)
			SetupTypeCache (280ms)
			ReleaseScriptCaches (1ms)
			RebuildScriptCaches (55ms)
			SetupLoadedEditorAssemblies (476ms)
				LogAssemblyErrors (0ms)
				InitializePlatformSupportModulesInManaged (5ms)
				SetLoadedEditorAssemblies (0ms)
				RefreshPlugins (2ms)
				BeforeProcessingInitializeOnLoad (145ms)
				ProcessInitializeOnLoadAttributes (289ms)
				ProcessInitializeOnLoadMethodAttributes (28ms)
				AfterProcessingInitializeOnLoad (8ms)
				EditorAssembliesLoaded (0ms)
			ExecutionOrderSort2 (0ms)
			AwakeInstancesAfterBackupRestoration (7ms)
Platform modules already initialized, skipping
========================================================================
Worker process is ready to serve import requests
Launched and connected shader compiler UnityShaderCompiler.exe after 0.05 seconds
Refreshing native plugins compatible for Editor in 1.15 ms, found 3 plugins.
Preloading 0 native plugins for Editor in 0.00 ms.
Unloading 3405 Unused Serialized files (Serialized files now loaded: 0)
Unloading 27 unused Assets / (114.3 KB). Loaded Objects now: 3865.
Memory consumption went from 123.5 MB to 123.4 MB.
Total: 37.615400 ms (FindLiveObjects: 0.465000 ms CreateObjectMapping: 0.106400 ms MarkObjects: 36.899000 ms  DeleteObjects: 0.143200 ms)

AssetImportParameters requested are different than current active one (requested -> active):
  custom:video-decoder-ogg-theora: a1e56fd34408186e4bbccfd4996cb3dc -> 
  custom:container-muxer-webm: aa71ff27fc2769a1b78a27578f13a17b -> 
  custom:container-demuxer-webm: 4f35f7cbe854078d1ac9338744f61a02 -> 
  custom:video-encoder-webm-vp8: eb34c28f22e8b96e1ab97ce403110664 -> 
  custom:video-codec-MediaFoundation-h265: 746d11721c4dcdbdad8f713fa42b33f4 -> 
  custom:audio-encoder-webm-vorbis: bf7c407c2cedff20999df2af8eb42d56 -> 
  custom:framework-win-MediaFoundation: 216162199b28c13a410421893ffa2e32 -> 
  custom:container-demuxer-ogg: 62fdf1f143b41e24485cea50d1cbac27 -> 
  custom:video-decoder-webm-vp8: 9c59270c3fd7afecdb556c50c9e8de78 -> 
  custom:audio-decoder-ogg-vorbis: bf7c407c2cedff20999df2af8eb42d56 -> 
========================================================================
Received Import Request.
  Time since last request: 324809.615592 seconds.
  path: Assets/Textures/Shirt_Texture_01.png
  artifactKey: Guid(b7ad0b944c4e0f546902df4b44208080) Importer(815301076,1909f56bfc062723c751e8b465ee728b)
Start importing Assets/Textures/Shirt_Texture_01.png using Guid(b7ad0b944c4e0f546902df4b44208080) Importer(815301076,1909f56bfc062723c751e8b465ee728b)  -> (artifact id: '496c97fb5fc874faa6a153cf75470c03') in 0.130424 seconds 
========================================================================
Received Import Request.
  Time since last request: 794.908502 seconds.
  path: Assets/Materials/05 - Default 1.mat
  artifactKey: Guid(1302b02c637847746bb097c1f8ab6ad7) Importer(815301076,1909f56bfc062723c751e8b465ee728b)
Start importing Assets/Materials/05 - Default 1.mat using Guid(1302b02c637847746bb097c1f8ab6ad7) Importer(815301076,1909f56bfc062723c751e8b465ee728b)  -> (artifact id: 'a47aa91bce30ba8edd1717efc567dc98') in 0.200029 seconds 
========================================================================
Received Import Request.
  Time since last request: 0.000033 seconds.
  path: Assets/Materials/Material #45 1.mat
  artifactKey: Guid(8e55228fb4ad8af499dd63cc7cb8921a) Importer(815301076,1909f56bfc062723c751e8b465ee728b)
Start importing Assets/Materials/Material #45 1.mat using Guid(8e55228fb4ad8af499dd63cc7cb8921a) Importer(815301076,1909f56bfc062723c751e8b465ee728b)  -> (artifact id: '036d56594ee79d4d36ac25da049f0414') in 0.030380 seconds 
========================================================================
Received Import Request.
  Time since last request: 0.000139 seconds.
  path: Assets/Materials/Material #26.mat
  artifactKey: Guid(1047e7e380e553544865785106048892) Importer(815301076,1909f56bfc062723c751e8b465ee728b)
Start importing Assets/Materials/Material #26.mat using Guid(1047e7e380e553544865785106048892) Importer(815301076,1909f56bfc062723c751e8b465ee728b)  -> (artifact id: '9219b3d0afad832a1d4da83869f23894') in 0.023597 seconds 
========================================================================
Received Import Request.
  Time since last request: 0.000469 seconds.
  path: Assets/Materials/glass.mat
  artifactKey: Guid(163c2eb074e464642ae131ef1d4b0f92) Importer(815301076,1909f56bfc062723c751e8b465ee728b)
Start importing Assets/Materials/glass.mat using Guid(163c2eb074e464642ae131ef1d4b0f92) Importer(815301076,1909f56bfc062723c751e8b465ee728b)  -> (artifact id: 'c29c28198ae68281acd09a151f0c1ec4') in 0.014558 seconds 
========================================================================
Received Import Request.
  Time since last request: 0.000028 seconds.
  path: Assets/Materials/material0.mat
  artifactKey: Guid(cde3998c51f721541849197b76dec64a) Importer(815301076,1909f56bfc062723c751e8b465ee728b)
Start importing Assets/Materials/material0.mat using Guid(cde3998c51f721541849197b76dec64a) Importer(815301076,1909f56bfc062723c751e8b465ee728b)  -> (artifact id: '7a2a0b5b64f98b6e692f04570c65339a') in 0.016494 seconds 
========================================================================
Received Import Request.
  Time since last request: 0.000027 seconds.
  path: Assets/Materials/Material #26 1.mat
  artifactKey: Guid(adc1e04b01742eb4e92004d4c1b31a4e) Importer(815301076,1909f56bfc062723c751e8b465ee728b)
Start importing Assets/Materials/Material #26 1.mat using Guid(adc1e04b01742eb4e92004d4c1b31a4e) Importer(815301076,1909f56bfc062723c751e8b465ee728b)  -> (artifact id: 'bf8dbf4fc7f2f6a50e114d33b77de6e6') in 0.009556 seconds 
========================================================================
Received Import Request.
  Time since last request: 0.000015 seconds.
  path: Assets/Materials/ручка1 1.mat
  artifactKey: Guid(274898c612743d446a0d6587c8e11e18) Importer(815301076,1909f56bfc062723c751e8b465ee728b)
Start importing Assets/Materials/ручка1 1.mat using Guid(274898c612743d446a0d6587c8e11e18) Importer(815301076,1909f56bfc062723c751e8b465ee728b)  -> (artifact id: '54eb5cb17668b6f5a43c9752b267504a') in 0.008832 seconds 
========================================================================
Received Import Request.
  Time since last request: 0.000019 seconds.
  path: Assets/Materials/12 - Default 1.mat
  artifactKey: Guid(782a66c1852db9442b202aab180be976) Importer(815301076,1909f56bfc062723c751e8b465ee728b)
Start importing Assets/Materials/12 - Default 1.mat using Guid(782a66c1852db9442b202aab180be976) Importer(815301076,1909f56bfc062723c751e8b465ee728b)  -> (artifact id: '4b04df6288bea05212c50681398c9ff5') in 0.019919 seconds 
========================================================================
Received Import Request.
  Time since last request: 0.000030 seconds.
  path: Assets/Materials/777.mat
  artifactKey: Guid(b514f5f98614e45449d6b5f85b0477d3) Importer(815301076,1909f56bfc062723c751e8b465ee728b)
Start importing Assets/Materials/777.mat using Guid(b514f5f98614e45449d6b5f85b0477d3) Importer(815301076,1909f56bfc062723c751e8b465ee728b)  -> (artifact id: '5207f40ee5f40d24466ad45e45605a9f') in 0.012368 seconds 
========================================================================
Received Import Request.
  Time since last request: 0.000018 seconds.
  path: Assets/Materials/777 1.mat
  artifactKey: Guid(f913d431e01c6c74292be31011049967) Importer(815301076,1909f56bfc062723c751e8b465ee728b)
Start importing Assets/Materials/777 1.mat using Guid(f913d431e01c6c74292be31011049967) Importer(815301076,1909f56bfc062723c751e8b465ee728b)  -> (artifact id: '04e842c69d59d96caf87912305ef8670') in 0.023753 seconds 
========================================================================
Received Import Request.
  Time since last request: 0.000018 seconds.
  path: Assets/Materials/_Blanket_01hqdetails4_blanket_01_mso.mat
  artifactKey: Guid(92b25a90d6fd4014a88762b027e12dd3) Importer(815301076,1909f56bfc062723c751e8b465ee728b)
Start importing Assets/Materials/_Blanket_01hqdetails4_blanket_01_mso.mat using Guid(92b25a90d6fd4014a88762b027e12dd3) Importer(815301076,1909f56bfc062723c751e8b465ee728b)  -> (artifact id: '284e15d954d5003a79bca74628751e1a') in 0.015388 seconds 
========================================================================
Received Import Request.
  Time since last request: 0.000021 seconds.
  path: Assets/Materials/clock.mat
  artifactKey: Guid(4e19907834c9bd248a5192779fe0c5b4) Importer(815301076,1909f56bfc062723c751e8b465ee728b)
Start importing Assets/Materials/clock.mat using Guid(4e19907834c9bd248a5192779fe0c5b4) Importer(815301076,1909f56bfc062723c751e8b465ee728b)  -> (artifact id: '48df69f858daf4d9cdc743290affc8ce') in 0.018348 seconds 
========================================================================
Received Import Request.
  Time since last request: 0.000034 seconds.
  path: Assets/Materials/ид.mat
  artifactKey: Guid(692f06b19b823c6459957b01c96b05b2) Importer(815301076,1909f56bfc062723c751e8b465ee728b)
Start importing Assets/Materials/ид.mat using Guid(692f06b19b823c6459957b01c96b05b2) Importer(815301076,1909f56bfc062723c751e8b465ee728b)  -> (artifact id: '504c8835d1e19d443750edf9cc284e49') in 0.010546 seconds 
========================================================================
Received Import Request.
  Time since last request: 0.000020 seconds.
  path: Assets/Materials/12 - Default.mat
  artifactKey: Guid(9e7293532dccb0b49ad7027cd79600d2) Importer(815301076,1909f56bfc062723c751e8b465ee728b)
Start importing Assets/Materials/12 - Default.mat using Guid(9e7293532dccb0b49ad7027cd79600d2) Importer(815301076,1909f56bfc062723c751e8b465ee728b)  -> (artifact id: '6ce1610b62a75c7fd587929602d3735e') in 0.012537 seconds 
========================================================================
Received Import Request.
  Time since last request: 0.000025 seconds.
  path: Assets/Materials/Material #44.mat
  artifactKey: Guid(69bc3f1346ec6944ba9491f9b5b74542) Importer(815301076,1909f56bfc062723c751e8b465ee728b)
Start importing Assets/Materials/Material #44.mat using Guid(69bc3f1346ec6944ba9491f9b5b74542) Importer(815301076,1909f56bfc062723c751e8b465ee728b)  -> (artifact id: '9a7f569cb55c137765b52bb22dd7e0a5') in 0.007925 seconds 
========================================================================
Received Import Request.
  Time since last request: 0.000014 seconds.
  path: Assets/Materials/Material #261.mat
  artifactKey: Guid(cf5ed848a6544ef46aaa0ee20ec306f5) Importer(815301076,1909f56bfc062723c751e8b465ee728b)
Start importing Assets/Materials/Material #261.mat using Guid(cf5ed848a6544ef46aaa0ee20ec306f5) Importer(815301076,1909f56bfc062723c751e8b465ee728b)  -> (artifact id: '5ee8ef26caaf04b8b7f1f603b47e2018') in 0.013139 seconds 
========================================================================
Received Import Request.
  Time since last request: 0.000016 seconds.
  path: Assets/Materials/06 - Default.mat
  artifactKey: Guid(24a72f12710631541a22ab867c26f6d6) Importer(815301076,1909f56bfc062723c751e8b465ee728b)
Start importing Assets/Materials/06 - Default.mat using Guid(24a72f12710631541a22ab867c26f6d6) Importer(815301076,1909f56bfc062723c751e8b465ee728b)  -> (artifact id: 'e60512e90599afe996720030af694609') in 0.012105 seconds 
========================================================================
Received Import Request.
  Time since last request: 0.000023 seconds.
  path: Assets/Materials/Wall 1.mat
  artifactKey: Guid(f7dfbf58a291fae448099d01daceae74) Importer(815301076,1909f56bfc062723c751e8b465ee728b)
Start importing Assets/Materials/Wall 1.mat using Guid(f7dfbf58a291fae448099d01daceae74) Importer(815301076,1909f56bfc062723c751e8b465ee728b)  -> (artifact id: '48325f5323c242cdc012df670b4ff8df') in 0.011485 seconds 
========================================================================
Received Import Request.
  Time since last request: 0.000019 seconds.
  path: Assets/Materials/06 - Default 1.mat
  artifactKey: Guid(46230c15cc9c79b4abc755673871f45e) Importer(815301076,1909f56bfc062723c751e8b465ee728b)
Start importing Assets/Materials/06 - Default 1.mat using Guid(46230c15cc9c79b4abc755673871f45e) Importer(815301076,1909f56bfc062723c751e8b465ee728b)  -> (artifact id: 'a986dbd27bec1d8213736ef61f181da9') in 0.021238 seconds 
========================================================================
Received Import Request.
  Time since last request: 0.000020 seconds.
  path: Assets/Materials/gears.mat
  artifactKey: Guid(e29ef2e5e8d0ae946888b5230c8b5200) Importer(815301076,1909f56bfc062723c751e8b465ee728b)
Start importing Assets/Materials/gears.mat using Guid(e29ef2e5e8d0ae946888b5230c8b5200) Importer(815301076,1909f56bfc062723c751e8b465ee728b)  -> (artifact id: '6c3c7a23ea2c7128f8913c44c1f51b57') in 0.015181 seconds 
========================================================================
Received Import Request.
  Time since last request: 0.000018 seconds.
  path: Assets/Materials/Shirt00_1_Material4782.mat
  artifactKey: Guid(57c9c6d62292536449a6bf49a111523a) Importer(815301076,1909f56bfc062723c751e8b465ee728b)
Start importing Assets/Materials/Shirt00_1_Material4782.mat using Guid(57c9c6d62292536449a6bf49a111523a) Importer(815301076,1909f56bfc062723c751e8b465ee728b)  -> (artifact id: '23e682044d5a7d0edf92626cb703342b') in 0.013494 seconds 
========================================================================
Received Import Request.
  Time since last request: 0.000022 seconds.
  path: Assets/Materials/packperchas_wire_029029029.mat
  artifactKey: Guid(8e215f3a862d1b14eb6f93dd098ea838) Importer(815301076,1909f56bfc062723c751e8b465ee728b)
Start importing Assets/Materials/packperchas_wire_029029029.mat using Guid(8e215f3a862d1b14eb6f93dd098ea838) Importer(815301076,1909f56bfc062723c751e8b465ee728b)  -> (artifact id: 'bdbca97319ba8230d947e47321d1d0ae') in 0.013770 seconds 
Editor requested this worker to shutdown with reason: Scaling down because of idle timeout
AssetImportWorker is now disconnected from the server
Process exiting
Exiting without the bug reporter. Application will terminate with return code 0