Using pre-set license
Built from '2021.3/release' branch; Version is '2021.3.17f1 (3e8111cac19d) revision 4096273'; Using compiler version '192829333'; Build Type 'Release'
OS: 'Windows 11  (10.0.22621) 64bit Core' Language: 'en' Physical Memory: 16305 MB
BatchMode: 1, IsHumanControllingUs: 0, StartBugReporterOnCrash: 0, Is64bit: 1, IsPro: 1

COMMAND LINE ARGUMENTS:
C:\Program Files\Unity 2021.3.17f1\Editor\Unity.exe
-adb2
-batchMode
-noUpm
-name
AssetImportWorker0
-projectPath
C:/Users/garra/Documents/UnityGame/Unwind Escape/Unwind Escape
-logFile
Logs/AssetImportWorker0.log
-srvPort
62849
Successfully changed project path to: C:/Users/garra/Documents/UnityGame/Unwind Escape/Unwind Escape
C:/Users/garra/Documents/UnityGame/Unwind Escape/Unwind Escape
[UnityMemory] Configuration Parameters - Can be set up in boot.config
    "memorysetup-bucket-allocator-granularity=16"
    "memorysetup-bucket-allocator-bucket-count=8"
    "memorysetup-bucket-allocator-block-size=33554432"
    "memorysetup-bucket-allocator-block-count=8"
    "memorysetup-main-allocator-block-size=16777216"
    "memorysetup-thread-allocator-block-size=16777216"
    "memorysetup-gfx-main-allocator-block-size=16777216"
    "memorysetup-gfx-thread-allocator-block-size=16777216"
    "memorysetup-cache-allocator-block-size=4194304"
    "memorysetup-typetree-allocator-block-size=2097152"
    "memorysetup-profiler-bucket-allocator-granularity=16"
    "memorysetup-profiler-bucket-allocator-bucket-count=8"
    "memorysetup-profiler-bucket-allocator-block-size=33554432"
    "memorysetup-profiler-bucket-allocator-block-count=8"
    "memorysetup-profiler-allocator-block-size=16777216"
    "memorysetup-profiler-editor-allocator-block-size=1048576"
    "memorysetup-temp-allocator-size-main=16777216"
    "memorysetup-job-temp-allocator-block-size=2097152"
    "memorysetup-job-temp-allocator-block-size-background=1048576"
    "memorysetup-job-temp-allocator-reduction-small-platforms=262144"
    "memorysetup-temp-allocator-size-background-worker=32768"
    "memorysetup-temp-allocator-size-job-worker=262144"
    "memorysetup-temp-allocator-size-preload-manager=33554432"
    "memorysetup-temp-allocator-size-nav-mesh-worker=65536"
    "memorysetup-temp-allocator-size-audio-worker=65536"
    "memorysetup-temp-allocator-size-cloud-worker=32768"
    "memorysetup-temp-allocator-size-gi-baking-worker=262144"
    "memorysetup-temp-allocator-size-gfx=262144"
Player connection [27128] Host "[IP] 192.168.0.198 [Port] 0 [Flags] 2 [Guid] 1808595338 [EditorId] 1808595338 [Version] 1048832 [Id] WindowsEditor(7,AlienwareR14) [Debug] 1 [PackageName] WindowsEditor [ProjectName] Editor" joined multi-casting on [225.0.0.222:54997]...

Player connection [27128] Host "[IP] 192.168.0.198 [Port] 0 [Flags] 2 [Guid] 1808595338 [EditorId] 1808595338 [Version] 1048832 [Id] WindowsEditor(7,AlienwareR14) [Debug] 1 [PackageName] WindowsEditor [ProjectName] Editor" joined alternative multi-casting on [225.0.0.222:34997]...

Refreshing native plugins compatible for Editor in 105.62 ms, found 3 plugins.
Preloading 0 native plugins for Editor in 0.00 ms.
Initialize engine version: 2021.3.17f1 (3e8111cac19d)
[Subsystems] Discovering subsystems at path C:/Program Files/Unity 2021.3.17f1/Editor/Data/Resources/UnitySubsystems
[Subsystems] Discovering subsystems at path C:/Users/garra/Documents/UnityGame/Unwind Escape/Unwind Escape/Assets
GfxDevice: creating device client; threaded=0; jobified=0
Direct3D:
    Version:  Direct3D 11.0 [level 11.1]
    Renderer: NVIDIA GeForce RTX 3060 (ID=0x2504)
    Vendor:   NVIDIA
    VRAM:     12129 MB
    Driver:   31.0.15.3623
Initialize mono
Mono path[0] = 'C:/Program Files/Unity 2021.3.17f1/Editor/Data/Managed'
Mono path[1] = 'C:/Program Files/Unity 2021.3.17f1/Editor/Data/MonoBleedingEdge/lib/mono/unityjit-win32'
Mono config path = 'C:/Program Files/Unity 2021.3.17f1/Editor/Data/MonoBleedingEdge/etc'
Using monoOptions --debugger-agent=transport=dt_socket,embedding=1,server=y,suspend=n,address=127.0.0.1:56912
Begin MonoManager ReloadAssembly
Registering precompiled unity dll's ...
Register platform support module: C:/Program Files/Unity 2021.3.17f1/Editor/Data/PlaybackEngines/WindowsStandaloneSupport/UnityEditor.WindowsStandalone.Extensions.dll
Registered in 0.004427 seconds.
Native extension for WindowsStandalone target not found
Refreshing native plugins compatible for Editor in 108.40 ms, found 3 plugins.
Preloading 0 native plugins for Editor in 0.00 ms.
Mono: successfully reloaded assembly
- Completed reload, in  0.771 seconds
Domain Reload Profiling:
	ReloadAssembly (771ms)
		BeginReloadAssembly (116ms)
			ExecutionOrderSort (0ms)
			DisableScriptedObjects (0ms)
			BackupInstance (0ms)
			ReleaseScriptingObjects (0ms)
			CreateAndSetChildDomain (1ms)
		EndReloadAssembly (526ms)
			LoadAssemblies (113ms)
			RebuildTransferFunctionScriptingTraits (0ms)
			SetupTypeCache (125ms)
			ReleaseScriptCaches (0ms)
			RebuildScriptCaches (31ms)
			SetupLoadedEditorAssemblies (312ms)
				LogAssemblyErrors (0ms)
				InitializePlatformSupportModulesInManaged (7ms)
				SetLoadedEditorAssemblies (0ms)
				RefreshPlugins (109ms)
				BeforeProcessingInitializeOnLoad (2ms)
				ProcessInitializeOnLoadAttributes (145ms)
				ProcessInitializeOnLoadMethodAttributes (48ms)
				AfterProcessingInitializeOnLoad (0ms)
				EditorAssembliesLoaded (0ms)
			ExecutionOrderSort2 (0ms)
			AwakeInstancesAfterBackupRestoration (0ms)
Platform modules already initialized, skipping
Registering precompiled user dll's ...
Registered in 0.007883 seconds.
Begin MonoManager ReloadAssembly
Symbol file LoadedFromMemory doesn't match image C:\Users\garra\Documents\UnityGame\Unwind Escape\Unwind Escape\Library\PackageCache\com.unity.visualscripting@1.8.0\Editor\VisualScripting.Core\Dependencies\YamlDotNet\Unity.VisualScripting.YamlDotNet.dll
Symbol file LoadedFromMemory doesn't match image C:\Users\garra\Documents\UnityGame\Unwind Escape\Unwind Escape\Library\PackageCache\com.unity.visualscripting@1.8.0\Editor\VisualScripting.Core\Dependencies\DotNetZip\Unity.VisualScripting.IonicZip.dll
Native extension for WindowsStandalone target not found
Refreshing native plugins compatible for Editor in 0.79 ms, found 3 plugins.
Preloading 0 native plugins for Editor in 0.00 ms.
Mono: successfully reloaded assembly
- Completed reload, in  1.273 seconds
Domain Reload Profiling:
	ReloadAssembly (1274ms)
		BeginReloadAssembly (139ms)
			ExecutionOrderSort (0ms)
			DisableScriptedObjects (6ms)
			BackupInstance (0ms)
			ReleaseScriptingObjects (0ms)
			CreateAndSetChildDomain (23ms)
		EndReloadAssembly (1004ms)
			LoadAssemblies (121ms)
			RebuildTransferFunctionScriptingTraits (0ms)
			SetupTypeCache (376ms)
			ReleaseScriptCaches (1ms)
			RebuildScriptCaches (58ms)
			SetupLoadedEditorAssemblies (420ms)
				LogAssemblyErrors (0ms)
				InitializePlatformSupportModulesInManaged (5ms)
				SetLoadedEditorAssemblies (0ms)
				RefreshPlugins (1ms)
				BeforeProcessingInitializeOnLoad (117ms)
				ProcessInitializeOnLoadAttributes (261ms)
				ProcessInitializeOnLoadMethodAttributes (27ms)
				AfterProcessingInitializeOnLoad (9ms)
				EditorAssembliesLoaded (0ms)
			ExecutionOrderSort2 (0ms)
			AwakeInstancesAfterBackupRestoration (7ms)
Platform modules already initialized, skipping
========================================================================
Worker process is ready to serve import requests
Launched and connected shader compiler UnityShaderCompiler.exe after 0.07 seconds
Refreshing native plugins compatible for Editor in 0.96 ms, found 3 plugins.
Preloading 0 native plugins for Editor in 0.00 ms.
Unloading 3405 Unused Serialized files (Serialized files now loaded: 0)
Unloading 27 unused Assets / (114.3 KB). Loaded Objects now: 3865.
Memory consumption went from 123.5 MB to 123.4 MB.
Total: 3.843500 ms (FindLiveObjects: 0.390100 ms CreateObjectMapping: 0.160100 ms MarkObjects: 3.164800 ms  DeleteObjects: 0.127800 ms)

AssetImportParameters requested are different than current active one (requested -> active):
  custom:video-decoder-ogg-theora: a1e56fd34408186e4bbccfd4996cb3dc -> 
  custom:container-muxer-webm: aa71ff27fc2769a1b78a27578f13a17b -> 
  custom:container-demuxer-webm: 4f35f7cbe854078d1ac9338744f61a02 -> 
  custom:video-encoder-webm-vp8: eb34c28f22e8b96e1ab97ce403110664 -> 
  custom:video-codec-MediaFoundation-h265: 746d11721c4dcdbdad8f713fa42b33f4 -> 
  custom:audio-encoder-webm-vorbis: bf7c407c2cedff20999df2af8eb42d56 -> 
  custom:framework-win-MediaFoundation: 216162199b28c13a410421893ffa2e32 -> 
  custom:container-demuxer-ogg: 62fdf1f143b41e24485cea50d1cbac27 -> 
  custom:video-decoder-webm-vp8: 9c59270c3fd7afecdb556c50c9e8de78 -> 
  custom:audio-decoder-ogg-vorbis: bf7c407c2cedff20999df2af8eb42d56 -> 
========================================================================
Received Import Request.
  Time since last request: 324287.587543 seconds.
  path: Assets/Models/Jacket.fbx
  artifactKey: Guid(37ee3b4b7e269084293c18baf2a1d3c5) Importer(815301076,1909f56bfc062723c751e8b465ee728b)
Start importing Assets/Models/Jacket.fbx using Guid(37ee3b4b7e269084293c18baf2a1d3c5) Importer(815301076,1909f56bfc062723c751e8b465ee728b)  -> (artifact id: '76f6cd3c5a9a9c6c61b576effa7bc37f') in 0.180011 seconds 
========================================================================
Received Import Request.
  Time since last request: 15.268149 seconds.
  path: Assets/Models/Jacket.fbx
  artifactKey: Guid(37ee3b4b7e269084293c18baf2a1d3c5) Importer(815301076,1909f56bfc062723c751e8b465ee728b)
Start importing Assets/Models/Jacket.fbx using Guid(37ee3b4b7e269084293c18baf2a1d3c5) Importer(815301076,1909f56bfc062723c751e8b465ee728b)  -> (artifact id: 'a795859dcb400bbac8aa99843a026bde') in 0.026572 seconds 
========================================================================
Received Import Request.
  Time since last request: 28.407532 seconds.
  path: Assets/Models/Jacket.fbx
  artifactKey: Guid(37ee3b4b7e269084293c18baf2a1d3c5) Importer(815301076,1909f56bfc062723c751e8b465ee728b)
Start importing Assets/Models/Jacket.fbx using Guid(37ee3b4b7e269084293c18baf2a1d3c5) Importer(815301076,1909f56bfc062723c751e8b465ee728b)  -> (artifact id: '77a1536246d8c410ea982b894ff52e89') in 0.069696 seconds 
========================================================================
Received Import Request.
  Time since last request: 6.299033 seconds.
  path: Assets/Models/Jacket.fbx
  artifactKey: Guid(37ee3b4b7e269084293c18baf2a1d3c5) Importer(815301076,1909f56bfc062723c751e8b465ee728b)
Start importing Assets/Models/Jacket.fbx using Guid(37ee3b4b7e269084293c18baf2a1d3c5) Importer(815301076,1909f56bfc062723c751e8b465ee728b)  -> (artifact id: '526268d8fd74f2a0d2e39df6af988f47') in 0.019979 seconds 
========================================================================
Received Import Request.
  Time since last request: 4.737414 seconds.
  path: Assets/Models/Jacket.fbx
  artifactKey: Guid(37ee3b4b7e269084293c18baf2a1d3c5) Importer(815301076,1909f56bfc062723c751e8b465ee728b)
Start importing Assets/Models/Jacket.fbx using Guid(37ee3b4b7e269084293c18baf2a1d3c5) Importer(815301076,1909f56bfc062723c751e8b465ee728b)  -> (artifact id: '66401e82083579ffa5ab59a50526ebbd') in 0.043896 seconds 
========================================================================
Received Import Request.
  Time since last request: 39.095743 seconds.
  path: Assets/Models/Jacket.fbx
  artifactKey: Guid(37ee3b4b7e269084293c18baf2a1d3c5) Importer(815301076,1909f56bfc062723c751e8b465ee728b)
Start importing Assets/Models/Jacket.fbx using Guid(37ee3b4b7e269084293c18baf2a1d3c5) Importer(815301076,1909f56bfc062723c751e8b465ee728b)  -> (artifact id: '2124e828fbb75f3a3c6cfa5b1cb485f8') in 0.216752 seconds 
========================================================================
Received Import Request.
  Time since last request: 4.298619 seconds.
  path: Assets/Models/Jacket.fbx
  artifactKey: Guid(37ee3b4b7e269084293c18baf2a1d3c5) Importer(815301076,1909f56bfc062723c751e8b465ee728b)
Start importing Assets/Models/Jacket.fbx using Guid(37ee3b4b7e269084293c18baf2a1d3c5) Importer(815301076,1909f56bfc062723c751e8b465ee728b)  -> (artifact id: 'e28b4c03d2547847df8366c12e79ae4e') in 0.298806 seconds 
========================================================================
Received Import Request.
  Time since last request: 19.434494 seconds.
  path: Assets/Textures/model.jpeg
  artifactKey: Guid(f3aa7ba0e3d14ef46912090f77640145) Importer(815301076,1909f56bfc062723c751e8b465ee728b)
Start importing Assets/Textures/model.jpeg using Guid(f3aa7ba0e3d14ef46912090f77640145) Importer(815301076,1909f56bfc062723c751e8b465ee728b)  -> (artifact id: 'b09365566935f442353c40cfc3b086db') in 0.152959 seconds 
========================================================================
Received Import Request.
  Time since last request: 16.601903 seconds.
  path: Assets/Textures/gears_albedo.jpg
  artifactKey: Guid(10f1f712684b4ec44a4f2e27ac816cb1) Importer(815301076,1909f56bfc062723c751e8b465ee728b)
Start importing Assets/Textures/gears_albedo.jpg using Guid(10f1f712684b4ec44a4f2e27ac816cb1) Importer(815301076,1909f56bfc062723c751e8b465ee728b)  -> (artifact id: '4df5a4e8347cb0e91e572fe83d021638') in 0.019351 seconds 
========================================================================
Received Import Request.
  Time since last request: 0.000038 seconds.
  path: Assets/Textures/gears_normal.png
  artifactKey: Guid(25cf974fec2c33b4e81301e2a23ecde8) Importer(815301076,1909f56bfc062723c751e8b465ee728b)
Start importing Assets/Textures/gears_normal.png using Guid(25cf974fec2c33b4e81301e2a23ecde8) Importer(815301076,1909f56bfc062723c751e8b465ee728b)  -> (artifact id: '60728f371fabcc4325fc7b9a18368c92') in 0.047213 seconds 
========================================================================
Received Import Request.
  Time since last request: 0.006677 seconds.
  path: Assets/Textures/sh_oldOxfordShoe_albedo.jpeg
  artifactKey: Guid(06f63286900de4e4ca40c0689c10140c) Importer(815301076,1909f56bfc062723c751e8b465ee728b)
Start importing Assets/Textures/sh_oldOxfordShoe_albedo.jpeg using Guid(06f63286900de4e4ca40c0689c10140c) Importer(815301076,1909f56bfc062723c751e8b465ee728b)  -> (artifact id: '975bd8ed0878b2c578c266e492525177') in 0.050963 seconds 
========================================================================
Received Import Request.
  Time since last request: 0.016170 seconds.
  path: Assets/Textures/img1349976323.jpg
  artifactKey: Guid(46b49a16baae3184cb95813de1b7a17d) Importer(815301076,1909f56bfc062723c751e8b465ee728b)
Start importing Assets/Textures/img1349976323.jpg using Guid(46b49a16baae3184cb95813de1b7a17d) Importer(815301076,1909f56bfc062723c751e8b465ee728b)  -> (artifact id: '754ea04de6b0294b24889863429c3809') in 0.037191 seconds 
========================================================================
Received Import Request.
  Time since last request: 0.000020 seconds.
  path: Assets/Textures/internal_ground_ao_texture 1.jpeg
  artifactKey: Guid(67ef55b45b66fe84998a5cbc5e7fed0d) Importer(815301076,1909f56bfc062723c751e8b465ee728b)
Start importing Assets/Textures/internal_ground_ao_texture 1.jpeg using Guid(67ef55b45b66fe84998a5cbc5e7fed0d) Importer(815301076,1909f56bfc062723c751e8b465ee728b)  -> (artifact id: 'a6080f6c4fbc49aaa941ec0e775496b3') in 0.024183 seconds 
========================================================================
Received Import Request.
  Time since last request: 0.000021 seconds.
  path: Assets/Textures/LP_longsleeve_1001_Metallic.png
  artifactKey: Guid(983cb4e63aa00d240891c75d8dbaf29e) Importer(815301076,1909f56bfc062723c751e8b465ee728b)
Start importing Assets/Textures/LP_longsleeve_1001_Metallic.png using Guid(983cb4e63aa00d240891c75d8dbaf29e) Importer(815301076,1909f56bfc062723c751e8b465ee728b)  -> (artifact id: 'd97f52b78ac7ca9606766180d19bf47f') in 0.019688 seconds 
========================================================================
Received Import Request.
  Time since last request: 0.000652 seconds.
  path: Assets/Textures/h1.jpg
  artifactKey: Guid(b73d25527c646f34b81aa7d063c7558d) Importer(815301076,1909f56bfc062723c751e8b465ee728b)
Start importing Assets/Textures/h1.jpg using Guid(b73d25527c646f34b81aa7d063c7558d) Importer(815301076,1909f56bfc062723c751e8b465ee728b)  -> (artifact id: '1c7dd788bb7826770dfe396032175283') in 0.013572 seconds 
========================================================================
Received Import Request.
  Time since last request: 0.000047 seconds.
  path: Assets/Textures/model_normal.jpeg
  artifactKey: Guid(59047269ba32840448c29f12f258bbc0) Importer(815301076,1909f56bfc062723c751e8b465ee728b)
Start importing Assets/Textures/model_normal.jpeg using Guid(59047269ba32840448c29f12f258bbc0) Importer(815301076,1909f56bfc062723c751e8b465ee728b)  -> (artifact id: '3626bacd58df8b6efde441c2e707a072') in 0.017076 seconds 
========================================================================
Received Import Request.
  Time since last request: 0.000029 seconds.
  path: Assets/Textures/glass_roughness.jpg
  artifactKey: Guid(4a3c3e98c7271b54b977bf58afd0b336) Importer(815301076,1909f56bfc062723c751e8b465ee728b)
Start importing Assets/Textures/glass_roughness.jpg using Guid(4a3c3e98c7271b54b977bf58afd0b336) Importer(815301076,1909f56bfc062723c751e8b465ee728b)  -> (artifact id: '365324caccb370fec570437fb8e31358') in 0.023296 seconds 
========================================================================
Received Import Request.
  Time since last request: 0.000023 seconds.
  path: Assets/Textures/sh_oldOxfordShoe_rough.jpeg
  artifactKey: Guid(4d9fd551048140b43bdf3e09e5064ad3) Importer(815301076,1909f56bfc062723c751e8b465ee728b)
Start importing Assets/Textures/sh_oldOxfordShoe_rough.jpeg using Guid(4d9fd551048140b43bdf3e09e5064ad3) Importer(815301076,1909f56bfc062723c751e8b465ee728b)  -> (artifact id: '82b97ded2bb09d1996fc05ccaf3bac26') in 0.015511 seconds 
========================================================================
Received Import Request.
  Time since last request: 0.001620 seconds.
  path: Assets/Textures/glass_opacity.jpg
  artifactKey: Guid(3b608dfb0df39214e9816818be0e7cd2) Importer(815301076,1909f56bfc062723c751e8b465ee728b)
Start importing Assets/Textures/glass_opacity.jpg using Guid(3b608dfb0df39214e9816818be0e7cd2) Importer(815301076,1909f56bfc062723c751e8b465ee728b)  -> (artifact id: '29cbcea863a034ccb33c157dd3c5ce2c') in 0.027343 seconds 
========================================================================
Received Import Request.
  Time since last request: 0.000016 seconds.
  path: Assets/Textures/sh_oldOxfordShoe_specular.jpeg
  artifactKey: Guid(9269459064b3cca4b95ee54d46b460cc) Importer(815301076,1909f56bfc062723c751e8b465ee728b)
Start importing Assets/Textures/sh_oldOxfordShoe_specular.jpeg using Guid(9269459064b3cca4b95ee54d46b460cc) Importer(815301076,1909f56bfc062723c751e8b465ee728b)  -> (artifact id: '6d751129456309301b1c5fa4fd4f07c9') in 0.009569 seconds 
========================================================================
Received Import Request.
  Time since last request: 0.000566 seconds.
  path: Assets/Textures/glass_AO.jpg
  artifactKey: Guid(8a5426d3ff0841e41bfa99c38fb89d69) Importer(815301076,1909f56bfc062723c751e8b465ee728b)
Start importing Assets/Textures/glass_AO.jpg using Guid(8a5426d3ff0841e41bfa99c38fb89d69) Importer(815301076,1909f56bfc062723c751e8b465ee728b)  -> (artifact id: '9017d29910982cb2c471e519c2a624e1') in 0.019469 seconds 
========================================================================
Received Import Request.
  Time since last request: 0.000021 seconds.
  path: Assets/Textures/glass_metallic.jpg
  artifactKey: Guid(89b355c1bf39de24981337ef2e6a4eea) Importer(815301076,1909f56bfc062723c751e8b465ee728b)
Start importing Assets/Textures/glass_metallic.jpg using Guid(89b355c1bf39de24981337ef2e6a4eea) Importer(815301076,1909f56bfc062723c751e8b465ee728b)  -> (artifact id: 'f52676e3a00aa508f83e418344f0b21a') in 0.015146 seconds 
========================================================================
Received Import Request.
  Time since last request: 0.000023 seconds.
  path: Assets/Textures/model_occlusion.jpeg
  artifactKey: Guid(954b96c1002ce584ca7c220f5a1ca39d) Importer(815301076,1909f56bfc062723c751e8b465ee728b)
Start importing Assets/Textures/model_occlusion.jpeg using Guid(954b96c1002ce584ca7c220f5a1ca39d) Importer(815301076,1909f56bfc062723c751e8b465ee728b)  -> (artifact id: '5be7458466d9cf891e63648b1c821b33') in 0.010450 seconds 
========================================================================
Received Import Request.
  Time since last request: 0.000018 seconds.
  path: Assets/Textures/sh_oldOxfordShoe_ao.jpeg
  artifactKey: Guid(5ed8ce8e5b167124aa147e9779c575f3) Importer(815301076,1909f56bfc062723c751e8b465ee728b)
Start importing Assets/Textures/sh_oldOxfordShoe_ao.jpeg using Guid(5ed8ce8e5b167124aa147e9779c575f3) Importer(815301076,1909f56bfc062723c751e8b465ee728b)  -> (artifact id: '5d26cdc3dbbc99ee9971f817426b45f4') in 0.009721 seconds 
Editor requested this worker to shutdown with reason: Scaling down because of idle timeout
AssetImportWorker is now disconnected from the server
Process exiting
Exiting without the bug reporter. Application will terminate with return code 0