Using pre-set license
Built from '2021.3/release' branch; Version is '2021.3.17f1 (3e8111cac19d) revision 4096273'; Using compiler version '192829333'; Build Type 'Release'
OS: 'Windows 11  (10.0.22621) 64bit Core' Language: 'en' Physical Memory: 16305 MB
BatchMode: 1, IsHumanControllingUs: 0, StartBugReporterOnCrash: 0, Is64bit: 1, IsPro: 1

COMMAND LINE ARGUMENTS:
C:\Program Files\Unity 2021.3.17f1\Editor\Unity.exe
-adb2
-batchMode
-noUpm
-name
AssetImportWorker2
-projectPath
C:/Users/garra/Documents/UnityGame/Unwind Escape/Unwind Escape
-logFile
Logs/AssetImportWorker2.log
-srvPort
63161
Successfully changed project path to: C:/Users/garra/Documents/UnityGame/Unwind Escape/Unwind Escape
C:/Users/garra/Documents/UnityGame/Unwind Escape/Unwind Escape
[UnityMemory] Configuration Parameters - Can be set up in boot.config
    "memorysetup-bucket-allocator-granularity=16"
    "memorysetup-bucket-allocator-bucket-count=8"
    "memorysetup-bucket-allocator-block-size=33554432"
    "memorysetup-bucket-allocator-block-count=8"
    "memorysetup-main-allocator-block-size=16777216"
    "memorysetup-thread-allocator-block-size=16777216"
    "memorysetup-gfx-main-allocator-block-size=16777216"
    "memorysetup-gfx-thread-allocator-block-size=16777216"
    "memorysetup-cache-allocator-block-size=4194304"
    "memorysetup-typetree-allocator-block-size=2097152"
    "memorysetup-profiler-bucket-allocator-granularity=16"
    "memorysetup-profiler-bucket-allocator-bucket-count=8"
    "memorysetup-profiler-bucket-allocator-block-size=33554432"
    "memorysetup-profiler-bucket-allocator-block-count=8"
    "memorysetup-profiler-allocator-block-size=16777216"
    "memorysetup-profiler-editor-allocator-block-size=1048576"
    "memorysetup-temp-allocator-size-main=16777216"
    "memorysetup-job-temp-allocator-block-size=2097152"
    "memorysetup-job-temp-allocator-block-size-background=1048576"
    "memorysetup-job-temp-allocator-reduction-small-platforms=262144"
    "memorysetup-temp-allocator-size-background-worker=32768"
    "memorysetup-temp-allocator-size-job-worker=262144"
    "memorysetup-temp-allocator-size-preload-manager=33554432"
    "memorysetup-temp-allocator-size-nav-mesh-worker=65536"
    "memorysetup-temp-allocator-size-audio-worker=65536"
    "memorysetup-temp-allocator-size-cloud-worker=32768"
    "memorysetup-temp-allocator-size-gi-baking-worker=262144"
    "memorysetup-temp-allocator-size-gfx=262144"
Player connection [9508] Host "[IP] 192.168.1.127 [Port] 0 [Flags] 2 [Guid] 1134960268 [EditorId] 1134960268 [Version] 1048832 [Id] WindowsEditor(7,AlienwareR14) [Debug] 1 [PackageName] WindowsEditor [ProjectName] Editor" joined multi-casting on [225.0.0.222:54997]...

Player connection [9508] Host "[IP] 192.168.1.127 [Port] 0 [Flags] 2 [Guid] 1134960268 [EditorId] 1134960268 [Version] 1048832 [Id] WindowsEditor(7,AlienwareR14) [Debug] 1 [PackageName] WindowsEditor [ProjectName] Editor" joined alternative multi-casting on [225.0.0.222:34997]...

Refreshing native plugins compatible for Editor in 86.84 ms, found 3 plugins.
Preloading 0 native plugins for Editor in 0.00 ms.
Initialize engine version: 2021.3.17f1 (3e8111cac19d)
[Subsystems] Discovering subsystems at path C:/Program Files/Unity 2021.3.17f1/Editor/Data/Resources/UnitySubsystems
[Subsystems] Discovering subsystems at path C:/Users/garra/Documents/UnityGame/Unwind Escape/Unwind Escape/Assets
GfxDevice: creating device client; threaded=0; jobified=0
Direct3D:
    Version:  Direct3D 11.0 [level 11.1]
    Renderer: NVIDIA GeForce RTX 3060 (ID=0x2504)
    Vendor:   NVIDIA
    VRAM:     12129 MB
    Driver:   31.0.15.3640
Initialize mono
Mono path[0] = 'C:/Program Files/Unity 2021.3.17f1/Editor/Data/Managed'
Mono path[1] = 'C:/Program Files/Unity 2021.3.17f1/Editor/Data/MonoBleedingEdge/lib/mono/unityjit-win32'
Mono config path = 'C:/Program Files/Unity 2021.3.17f1/Editor/Data/MonoBleedingEdge/etc'
Using monoOptions --debugger-agent=transport=dt_socket,embedding=1,server=y,suspend=n,address=127.0.0.1:56396
Begin MonoManager ReloadAssembly
Registering precompiled unity dll's ...
Register platform support module: C:/Program Files/Unity 2021.3.17f1/Editor/Data/PlaybackEngines/WindowsStandaloneSupport/UnityEditor.WindowsStandalone.Extensions.dll
Registered in 0.002588 seconds.
Native extension for WindowsStandalone target not found
Refreshing native plugins compatible for Editor in 71.49 ms, found 3 plugins.
Preloading 0 native plugins for Editor in 0.00 ms.
Mono: successfully reloaded assembly
- Completed reload, in  0.510 seconds
Domain Reload Profiling:
	ReloadAssembly (511ms)
		BeginReloadAssembly (63ms)
			ExecutionOrderSort (0ms)
			DisableScriptedObjects (0ms)
			BackupInstance (0ms)
			ReleaseScriptingObjects (0ms)
			CreateAndSetChildDomain (1ms)
		EndReloadAssembly (356ms)
			LoadAssemblies (61ms)
			RebuildTransferFunctionScriptingTraits (0ms)
			SetupTypeCache (74ms)
			ReleaseScriptCaches (0ms)
			RebuildScriptCaches (20ms)
			SetupLoadedEditorAssemblies (221ms)
				LogAssemblyErrors (0ms)
				InitializePlatformSupportModulesInManaged (5ms)
				SetLoadedEditorAssemblies (0ms)
				RefreshPlugins (72ms)
				BeforeProcessingInitializeOnLoad (1ms)
				ProcessInitializeOnLoadAttributes (108ms)
				ProcessInitializeOnLoadMethodAttributes (35ms)
				AfterProcessingInitializeOnLoad (0ms)
				EditorAssembliesLoaded (0ms)
			ExecutionOrderSort2 (0ms)
			AwakeInstancesAfterBackupRestoration (0ms)
Platform modules already initialized, skipping
Registering precompiled user dll's ...
Registered in 0.004600 seconds.
Begin MonoManager ReloadAssembly
Symbol file LoadedFromMemory doesn't match image C:\Users\garra\Documents\UnityGame\Unwind Escape\Unwind Escape\Library\PackageCache\com.unity.visualscripting@1.8.0\Editor\VisualScripting.Core\Dependencies\YamlDotNet\Unity.VisualScripting.YamlDotNet.dll
Symbol file LoadedFromMemory doesn't match image C:\Users\garra\Documents\UnityGame\Unwind Escape\Unwind Escape\Library\PackageCache\com.unity.visualscripting@1.8.0\Editor\VisualScripting.Core\Dependencies\DotNetZip\Unity.VisualScripting.IonicZip.dll
Native extension for WindowsStandalone target not found
Refreshing native plugins compatible for Editor in 0.58 ms, found 3 plugins.
Preloading 0 native plugins for Editor in 0.00 ms.
Mono: successfully reloaded assembly
- Completed reload, in  0.810 seconds
Domain Reload Profiling:
	ReloadAssembly (810ms)
		BeginReloadAssembly (88ms)
			ExecutionOrderSort (0ms)
			DisableScriptedObjects (4ms)
			BackupInstance (0ms)
			ReleaseScriptingObjects (0ms)
			CreateAndSetChildDomain (20ms)
		EndReloadAssembly (634ms)
			LoadAssemblies (69ms)
			RebuildTransferFunctionScriptingTraits (0ms)
			SetupTypeCache (196ms)
			ReleaseScriptCaches (1ms)
			RebuildScriptCaches (42ms)
			SetupLoadedEditorAssemblies (293ms)
				LogAssemblyErrors (0ms)
				InitializePlatformSupportModulesInManaged (4ms)
				SetLoadedEditorAssemblies (1ms)
				RefreshPlugins (1ms)
				BeforeProcessingInitializeOnLoad (67ms)
				ProcessInitializeOnLoadAttributes (197ms)
				ProcessInitializeOnLoadMethodAttributes (20ms)
				AfterProcessingInitializeOnLoad (5ms)
				EditorAssembliesLoaded (0ms)
			ExecutionOrderSort2 (0ms)
			AwakeInstancesAfterBackupRestoration (6ms)
Platform modules already initialized, skipping
========================================================================
Worker process is ready to serve import requests
Launched and connected shader compiler UnityShaderCompiler.exe after 0.04 seconds
Refreshing native plugins compatible for Editor in 0.66 ms, found 3 plugins.
Preloading 0 native plugins for Editor in 0.00 ms.
Unloading 3411 Unused Serialized files (Serialized files now loaded: 0)
Unloading 27 unused Assets / (114.2 KB). Loaded Objects now: 3871.
Memory consumption went from 123.6 MB to 123.5 MB.
Total: 2.964500 ms (FindLiveObjects: 0.283200 ms CreateObjectMapping: 0.089200 ms MarkObjects: 2.479900 ms  DeleteObjects: 0.111300 ms)

AssetImportParameters requested are different than current active one (requested -> active):
  custom:video-decoder-ogg-theora: a1e56fd34408186e4bbccfd4996cb3dc -> 
  custom:container-muxer-webm: aa71ff27fc2769a1b78a27578f13a17b -> 
  custom:container-demuxer-webm: 4f35f7cbe854078d1ac9338744f61a02 -> 
  custom:video-encoder-webm-vp8: eb34c28f22e8b96e1ab97ce403110664 -> 
  custom:video-codec-MediaFoundation-h265: 746d11721c4dcdbdad8f713fa42b33f4 -> 
  custom:audio-encoder-webm-vorbis: bf7c407c2cedff20999df2af8eb42d56 -> 
  custom:framework-win-MediaFoundation: 216162199b28c13a410421893ffa2e32 -> 
  custom:container-demuxer-ogg: 62fdf1f143b41e24485cea50d1cbac27 -> 
  custom:video-decoder-webm-vp8: 9c59270c3fd7afecdb556c50c9e8de78 -> 
  custom:audio-decoder-ogg-vorbis: bf7c407c2cedff20999df2af8eb42d56 -> 
========================================================================
Received Import Request.
  Time since last request: 312741.531143 seconds.
  path: Assets/Materials/spray_paint_bottles.mat
  artifactKey: Guid(e4bd8136e4a84004d97ea0a20253df3b) Importer(815301076,1909f56bfc062723c751e8b465ee728b)
Start importing Assets/Materials/spray_paint_bottles.mat using Guid(e4bd8136e4a84004d97ea0a20253df3b) Importer(815301076,1909f56bfc062723c751e8b465ee728b)  -> (artifact id: '83e4daeae229ed38470fc49f524674a7') in 0.143428 seconds 
========================================================================
Received Import Request.
  Time since last request: 0.000043 seconds.
  path: Assets/Materials/Button r3.mat
  artifactKey: Guid(66525ad6d114ac741b4080e247589b36) Importer(815301076,1909f56bfc062723c751e8b465ee728b)
Start importing Assets/Materials/Button r3.mat using Guid(66525ad6d114ac741b4080e247589b36) Importer(815301076,1909f56bfc062723c751e8b465ee728b)  -> (artifact id: '0ee202a1e0e0df5c1bb830bd5d8949d6') in 0.016130 seconds 
========================================================================
Received Import Request.
  Time since last request: 0.000023 seconds.
  path: Assets/Materials/wooden_display_shelves_01.mat
  artifactKey: Guid(5a77d97e0c76a9c49b2fa7400cfbb5bb) Importer(815301076,1909f56bfc062723c751e8b465ee728b)
Start importing Assets/Materials/wooden_display_shelves_01.mat using Guid(5a77d97e0c76a9c49b2fa7400cfbb5bb) Importer(815301076,1909f56bfc062723c751e8b465ee728b)  -> (artifact id: '8125052a67b3fd5ed34b56839e12d5b7') in 0.041420 seconds 
========================================================================
Received Import Request.
  Time since last request: 0.000026 seconds.
  path: Assets/Materials/brass_vase_03.mat
  artifactKey: Guid(32b81ccfef348e540876f681ead9b8a6) Importer(815301076,1909f56bfc062723c751e8b465ee728b)
Start importing Assets/Materials/brass_vase_03.mat using Guid(32b81ccfef348e540876f681ead9b8a6) Importer(815301076,1909f56bfc062723c751e8b465ee728b)  -> (artifact id: 'c4c4f3a83a98acc4c5b17cbd5d8e0070') in 0.049028 seconds 
========================================================================
Received Import Request.
  Time since last request: 0.000056 seconds.
  path: Assets/Materials/mantel_clock_01.mat
  artifactKey: Guid(da8d5b40f2f2cf4498ff78bb97911d16) Importer(815301076,1909f56bfc062723c751e8b465ee728b)
Start importing Assets/Materials/mantel_clock_01.mat using Guid(da8d5b40f2f2cf4498ff78bb97911d16) Importer(815301076,1909f56bfc062723c751e8b465ee728b)  -> (artifact id: 'bb06faabab907d633af723fbb25a8f08') in 0.026461 seconds 
========================================================================
Received Import Request.
  Time since last request: 0.000051 seconds.
  path: Assets/Materials/Camera_01_body.mat
  artifactKey: Guid(b6747c9095d238642a93380afbbc5941) Importer(815301076,1909f56bfc062723c751e8b465ee728b)
Start importing Assets/Materials/Camera_01_body.mat using Guid(b6747c9095d238642a93380afbbc5941) Importer(815301076,1909f56bfc062723c751e8b465ee728b)  -> (artifact id: '8579f449e0e4e097c84e15a578c96108') in 0.018748 seconds 
========================================================================
Received Import Request.
  Time since last request: 0.000030 seconds.
  path: Assets/Materials/Metal  Silver 2.mat
  artifactKey: Guid(e22b9580f00e6e744b450b7f709fae1e) Importer(815301076,1909f56bfc062723c751e8b465ee728b)
Start importing Assets/Materials/Metal  Silver 2.mat using Guid(e22b9580f00e6e744b450b7f709fae1e) Importer(815301076,1909f56bfc062723c751e8b465ee728b)  -> (artifact id: '669a3dadcda694be32d5a562980d870d') in 0.009138 seconds 
========================================================================
Received Import Request.
  Time since last request: 0.000026 seconds.
  path: Assets/Materials/Ottoman_01.mat
  artifactKey: Guid(6d42a9b2d755d484fb97f1691127e156) Importer(815301076,1909f56bfc062723c751e8b465ee728b)
Start importing Assets/Materials/Ottoman_01.mat using Guid(6d42a9b2d755d484fb97f1691127e156) Importer(815301076,1909f56bfc062723c751e8b465ee728b)  -> (artifact id: '23ba89c6cba97d5acc311d57befe640b') in 0.016824 seconds 
========================================================================
Received Import Request.
  Time since last request: 0.000019 seconds.
  path: Assets/Materials/Floor-Wood.mat
  artifactKey: Guid(10a5267977150d74db6e7a9fb9057bd9) Importer(815301076,1909f56bfc062723c751e8b465ee728b)
Start importing Assets/Materials/Floor-Wood.mat using Guid(10a5267977150d74db6e7a9fb9057bd9) Importer(815301076,1909f56bfc062723c751e8b465ee728b)  -> (artifact id: '07281d649963af4b2c12f9b5f13c4c63') in 0.015998 seconds 
========================================================================
Received Import Request.
  Time since last request: 0.000029 seconds.
  path: Assets/Materials/can_rusted.mat
  artifactKey: Guid(c27139b900dfa5243b3485406e1e7166) Importer(815301076,1909f56bfc062723c751e8b465ee728b)
Start importing Assets/Materials/can_rusted.mat using Guid(c27139b900dfa5243b3485406e1e7166) Importer(815301076,1909f56bfc062723c751e8b465ee728b)  -> (artifact id: '275393db55d17b92b73b134a87135cbe') in 0.021472 seconds 
========================================================================
Received Import Request.
  Time since last request: 223.344764 seconds.
  path: Assets/Materials/Statue.mat
  artifactKey: Guid(06c66c941da92bb4a9d2b18ea2246452) Importer(815301076,1909f56bfc062723c751e8b465ee728b)
Start importing Assets/Materials/Statue.mat using Guid(06c66c941da92bb4a9d2b18ea2246452) Importer(815301076,1909f56bfc062723c751e8b465ee728b)  -> (artifact id: 'c42fcff975bf1aac0b0562631e9987da') in 0.010774 seconds 
