Using pre-set license
Built from '2021.3/release' branch; Version is '2021.3.17f1 (3e8111cac19d) revision 4096273'; Using compiler version '192829333'; Build Type 'Release'
OS: 'Windows 11  (10.0.22621) 64bit Core' Language: 'en' Physical Memory: 16305 MB
BatchMode: 1, IsHumanControllingUs: 0, StartBugReporterOnCrash: 0, Is64bit: 1, IsPro: 1

COMMAND LINE ARGUMENTS:
C:\Program Files\Unity 2021.3.17f1\Editor\Unity.exe
-adb2
-batchMode
-noUpm
-name
AssetImportWorker6
-projectPath
C:/Users/garra/Documents/UnityGame/Unwind Escape/Unwind Escape
-logFile
Logs/AssetImportWorker6.log
-srvPort
62849
Successfully changed project path to: C:/Users/garra/Documents/UnityGame/Unwind Escape/Unwind Escape
C:/Users/garra/Documents/UnityGame/Unwind Escape/Unwind Escape
[UnityMemory] Configuration Parameters - Can be set up in boot.config
    "memorysetup-bucket-allocator-granularity=16"
    "memorysetup-bucket-allocator-bucket-count=8"
    "memorysetup-bucket-allocator-block-size=33554432"
    "memorysetup-bucket-allocator-block-count=8"
    "memorysetup-main-allocator-block-size=16777216"
    "memorysetup-thread-allocator-block-size=16777216"
    "memorysetup-gfx-main-allocator-block-size=16777216"
    "memorysetup-gfx-thread-allocator-block-size=16777216"
    "memorysetup-cache-allocator-block-size=4194304"
    "memorysetup-typetree-allocator-block-size=2097152"
    "memorysetup-profiler-bucket-allocator-granularity=16"
    "memorysetup-profiler-bucket-allocator-bucket-count=8"
    "memorysetup-profiler-bucket-allocator-block-size=33554432"
    "memorysetup-profiler-bucket-allocator-block-count=8"
    "memorysetup-profiler-allocator-block-size=16777216"
    "memorysetup-profiler-editor-allocator-block-size=1048576"
    "memorysetup-temp-allocator-size-main=16777216"
    "memorysetup-job-temp-allocator-block-size=2097152"
    "memorysetup-job-temp-allocator-block-size-background=1048576"
    "memorysetup-job-temp-allocator-reduction-small-platforms=262144"
    "memorysetup-temp-allocator-size-background-worker=32768"
    "memorysetup-temp-allocator-size-job-worker=262144"
    "memorysetup-temp-allocator-size-preload-manager=33554432"
    "memorysetup-temp-allocator-size-nav-mesh-worker=65536"
    "memorysetup-temp-allocator-size-audio-worker=65536"
    "memorysetup-temp-allocator-size-cloud-worker=32768"
    "memorysetup-temp-allocator-size-gi-baking-worker=262144"
    "memorysetup-temp-allocator-size-gfx=262144"
Player connection [1788] Host "[IP] 192.168.0.198 [Port] 0 [Flags] 2 [Guid] 3864209871 [EditorId] 3864209871 [Version] 1048832 [Id] WindowsEditor(7,AlienwareR14) [Debug] 1 [PackageName] WindowsEditor [ProjectName] Editor" joined multi-casting on [225.0.0.222:54997]...

Player connection [1788] Host "[IP] 192.168.0.198 [Port] 0 [Flags] 2 [Guid] 3864209871 [EditorId] 3864209871 [Version] 1048832 [Id] WindowsEditor(7,AlienwareR14) [Debug] 1 [PackageName] WindowsEditor [ProjectName] Editor" joined alternative multi-casting on [225.0.0.222:34997]...

Refreshing native plugins compatible for Editor in 153.01 ms, found 3 plugins.
Preloading 0 native plugins for Editor in 0.00 ms.
Initialize engine version: 2021.3.17f1 (3e8111cac19d)
[Subsystems] Discovering subsystems at path C:/Program Files/Unity 2021.3.17f1/Editor/Data/Resources/UnitySubsystems
[Subsystems] Discovering subsystems at path C:/Users/garra/Documents/UnityGame/Unwind Escape/Unwind Escape/Assets
GfxDevice: creating device client; threaded=0; jobified=0
Direct3D:
    Version:  Direct3D 11.0 [level 11.1]
    Renderer: NVIDIA GeForce RTX 3060 (ID=0x2504)
    Vendor:   NVIDIA
    VRAM:     12129 MB
    Driver:   31.0.15.3623
Initialize mono
Mono path[0] = 'C:/Program Files/Unity 2021.3.17f1/Editor/Data/Managed'
Mono path[1] = 'C:/Program Files/Unity 2021.3.17f1/Editor/Data/MonoBleedingEdge/lib/mono/unityjit-win32'
Mono config path = 'C:/Program Files/Unity 2021.3.17f1/Editor/Data/MonoBleedingEdge/etc'
Using monoOptions --debugger-agent=transport=dt_socket,embedding=1,server=y,suspend=n,address=127.0.0.1:56100
Begin MonoManager ReloadAssembly
Registering precompiled unity dll's ...
Register platform support module: C:/Program Files/Unity 2021.3.17f1/Editor/Data/PlaybackEngines/WindowsStandaloneSupport/UnityEditor.WindowsStandalone.Extensions.dll
Registered in 0.004004 seconds.
Native extension for WindowsStandalone target not found
Refreshing native plugins compatible for Editor in 97.47 ms, found 3 plugins.
Preloading 0 native plugins for Editor in 0.00 ms.
Mono: successfully reloaded assembly
- Completed reload, in  0.640 seconds
Domain Reload Profiling:
	ReloadAssembly (641ms)
		BeginReloadAssembly (72ms)
			ExecutionOrderSort (0ms)
			DisableScriptedObjects (0ms)
			BackupInstance (0ms)
			ReleaseScriptingObjects (0ms)
			CreateAndSetChildDomain (1ms)
		EndReloadAssembly (468ms)
			LoadAssemblies (70ms)
			RebuildTransferFunctionScriptingTraits (0ms)
			SetupTypeCache (99ms)
			ReleaseScriptCaches (0ms)
			RebuildScriptCaches (29ms)
			SetupLoadedEditorAssemblies (290ms)
				LogAssemblyErrors (0ms)
				InitializePlatformSupportModulesInManaged (6ms)
				SetLoadedEditorAssemblies (0ms)
				RefreshPlugins (98ms)
				BeforeProcessingInitializeOnLoad (1ms)
				ProcessInitializeOnLoadAttributes (138ms)
				ProcessInitializeOnLoadMethodAttributes (48ms)
				AfterProcessingInitializeOnLoad (0ms)
				EditorAssembliesLoaded (0ms)
			ExecutionOrderSort2 (0ms)
			AwakeInstancesAfterBackupRestoration (0ms)
Platform modules already initialized, skipping
Registering precompiled user dll's ...
Registered in 0.011141 seconds.
Begin MonoManager ReloadAssembly
Symbol file LoadedFromMemory doesn't match image C:\Users\garra\Documents\UnityGame\Unwind Escape\Unwind Escape\Library\PackageCache\com.unity.visualscripting@1.8.0\Editor\VisualScripting.Core\Dependencies\YamlDotNet\Unity.VisualScripting.YamlDotNet.dll
Symbol file LoadedFromMemory doesn't match image C:\Users\garra\Documents\UnityGame\Unwind Escape\Unwind Escape\Library\PackageCache\com.unity.visualscripting@1.8.0\Editor\VisualScripting.Core\Dependencies\DotNetZip\Unity.VisualScripting.IonicZip.dll
Native extension for WindowsStandalone target not found
Refreshing native plugins compatible for Editor in 1.03 ms, found 3 plugins.
Preloading 0 native plugins for Editor in 0.00 ms.
Mono: successfully reloaded assembly
- Completed reload, in  1.066 seconds
Domain Reload Profiling:
	ReloadAssembly (1067ms)
		BeginReloadAssembly (117ms)
			ExecutionOrderSort (0ms)
			DisableScriptedObjects (10ms)
			BackupInstance (0ms)
			ReleaseScriptingObjects (0ms)
			CreateAndSetChildDomain (22ms)
		EndReloadAssembly (827ms)
			LoadAssemblies (90ms)
			RebuildTransferFunctionScriptingTraits (0ms)
			SetupTypeCache (264ms)
			ReleaseScriptCaches (1ms)
			RebuildScriptCaches (56ms)
			SetupLoadedEditorAssemblies (377ms)
				LogAssemblyErrors (0ms)
				InitializePlatformSupportModulesInManaged (4ms)
				SetLoadedEditorAssemblies (0ms)
				RefreshPlugins (1ms)
				BeforeProcessingInitializeOnLoad (105ms)
				ProcessInitializeOnLoadAttributes (237ms)
				ProcessInitializeOnLoadMethodAttributes (23ms)
				AfterProcessingInitializeOnLoad (6ms)
				EditorAssembliesLoaded (0ms)
			ExecutionOrderSort2 (0ms)
			AwakeInstancesAfterBackupRestoration (7ms)
Platform modules already initialized, skipping
========================================================================
Worker process is ready to serve import requests
Launched and connected shader compiler UnityShaderCompiler.exe after 0.08 seconds
Refreshing native plugins compatible for Editor in 1.05 ms, found 3 plugins.
Preloading 0 native plugins for Editor in 0.00 ms.
Unloading 3405 Unused Serialized files (Serialized files now loaded: 0)
Unloading 27 unused Assets / (114.3 KB). Loaded Objects now: 3865.
Memory consumption went from 123.6 MB to 123.5 MB.
Total: 5.650200 ms (FindLiveObjects: 1.111700 ms CreateObjectMapping: 0.170700 ms MarkObjects: 4.232100 ms  DeleteObjects: 0.134500 ms)

AssetImportParameters requested are different than current active one (requested -> active):
  custom:video-decoder-ogg-theora: a1e56fd34408186e4bbccfd4996cb3dc -> 
  custom:container-muxer-webm: aa71ff27fc2769a1b78a27578f13a17b -> 
  custom:container-demuxer-webm: 4f35f7cbe854078d1ac9338744f61a02 -> 
  custom:video-encoder-webm-vp8: eb34c28f22e8b96e1ab97ce403110664 -> 
  custom:video-codec-MediaFoundation-h265: 746d11721c4dcdbdad8f713fa42b33f4 -> 
  custom:audio-encoder-webm-vorbis: bf7c407c2cedff20999df2af8eb42d56 -> 
  custom:framework-win-MediaFoundation: 216162199b28c13a410421893ffa2e32 -> 
  custom:container-demuxer-ogg: 62fdf1f143b41e24485cea50d1cbac27 -> 
  custom:video-decoder-webm-vp8: 9c59270c3fd7afecdb556c50c9e8de78 -> 
  custom:audio-decoder-ogg-vorbis: bf7c407c2cedff20999df2af8eb42d56 -> 
========================================================================
Received Prepare
Registering precompiled user dll's ...
Registered in 0.008492 seconds.
Begin MonoManager ReloadAssembly
Symbol file LoadedFromMemory doesn't match image C:\Users\garra\Documents\UnityGame\Unwind Escape\Unwind Escape\Library\PackageCache\com.unity.visualscripting@1.8.0\Editor\VisualScripting.Core\Dependencies\YamlDotNet\Unity.VisualScripting.YamlDotNet.dll
Symbol file LoadedFromMemory doesn't match image C:\Users\garra\Documents\UnityGame\Unwind Escape\Unwind Escape\Library\PackageCache\com.unity.visualscripting@1.8.0\Editor\VisualScripting.Core\Dependencies\DotNetZip\Unity.VisualScripting.IonicZip.dll
Native extension for WindowsStandalone target not found
Refreshing native plugins compatible for Editor in 1.12 ms, found 3 plugins.
Preloading 0 native plugins for Editor in 0.00 ms.
Mono: successfully reloaded assembly
- Completed reload, in  1.413 seconds
Domain Reload Profiling:
	ReloadAssembly (1414ms)
		BeginReloadAssembly (166ms)
			ExecutionOrderSort (0ms)
			DisableScriptedObjects (6ms)
			BackupInstance (0ms)
			ReleaseScriptingObjects (0ms)
			CreateAndSetChildDomain (46ms)
		EndReloadAssembly (1103ms)
			LoadAssemblies (116ms)
			RebuildTransferFunctionScriptingTraits (0ms)
			SetupTypeCache (376ms)
			ReleaseScriptCaches (3ms)
			RebuildScriptCaches (66ms)
			SetupLoadedEditorAssemblies (483ms)
				LogAssemblyErrors (0ms)
				InitializePlatformSupportModulesInManaged (16ms)
				SetLoadedEditorAssemblies (1ms)
				RefreshPlugins (1ms)
				BeforeProcessingInitializeOnLoad (115ms)
				ProcessInitializeOnLoadAttributes (303ms)
				ProcessInitializeOnLoadMethodAttributes (36ms)
				AfterProcessingInitializeOnLoad (11ms)
				EditorAssembliesLoaded (0ms)
			ExecutionOrderSort2 (0ms)
			AwakeInstancesAfterBackupRestoration (8ms)
Platform modules already initialized, skipping
Refreshing native plugins compatible for Editor in 3.80 ms, found 3 plugins.
Preloading 0 native plugins for Editor in 0.00 ms.
Unloading 3386 Unused Serialized files (Serialized files now loaded: 0)
Unloading 20 unused Assets / (81.4 KB). Loaded Objects now: 3868.
Memory consumption went from 121.9 MB to 121.9 MB.
Total: 10.907000 ms (FindLiveObjects: 0.997800 ms CreateObjectMapping: 0.868100 ms MarkObjects: 8.922100 ms  DeleteObjects: 0.117300 ms)

AssetImportParameters requested are different than current active one (requested -> active):
  custom:video-decoder-ogg-theora: a1e56fd34408186e4bbccfd4996cb3dc -> 
  custom:container-muxer-webm: aa71ff27fc2769a1b78a27578f13a17b -> 
  custom:container-demuxer-webm: 4f35f7cbe854078d1ac9338744f61a02 -> 
  custom:video-encoder-webm-vp8: eb34c28f22e8b96e1ab97ce403110664 -> 
  custom:video-codec-MediaFoundation-h265: 746d11721c4dcdbdad8f713fa42b33f4 -> 
  custom:audio-encoder-webm-vorbis: bf7c407c2cedff20999df2af8eb42d56 -> 
  custom:framework-win-MediaFoundation: 216162199b28c13a410421893ffa2e32 -> 
  custom:container-demuxer-ogg: 62fdf1f143b41e24485cea50d1cbac27 -> 
  custom:video-decoder-webm-vp8: 9c59270c3fd7afecdb556c50c9e8de78 -> 
  custom:audio-decoder-ogg-vorbis: bf7c407c2cedff20999df2af8eb42d56 -> 
========================================================================
Received Prepare
Registering precompiled user dll's ...
Registered in 0.009012 seconds.
Begin MonoManager ReloadAssembly
Symbol file LoadedFromMemory doesn't match image C:\Users\garra\Documents\UnityGame\Unwind Escape\Unwind Escape\Library\PackageCache\com.unity.visualscripting@1.8.0\Editor\VisualScripting.Core\Dependencies\YamlDotNet\Unity.VisualScripting.YamlDotNet.dll
Symbol file LoadedFromMemory doesn't match image C:\Users\garra\Documents\UnityGame\Unwind Escape\Unwind Escape\Library\PackageCache\com.unity.visualscripting@1.8.0\Editor\VisualScripting.Core\Dependencies\DotNetZip\Unity.VisualScripting.IonicZip.dll
Native extension for WindowsStandalone target not found
Refreshing native plugins compatible for Editor in 1.39 ms, found 3 plugins.
Preloading 0 native plugins for Editor in 0.00 ms.
Mono: successfully reloaded assembly
- Completed reload, in  1.314 seconds
Domain Reload Profiling:
	ReloadAssembly (1314ms)
		BeginReloadAssembly (159ms)
			ExecutionOrderSort (0ms)
			DisableScriptedObjects (5ms)
			BackupInstance (0ms)
			ReleaseScriptingObjects (0ms)
			CreateAndSetChildDomain (43ms)
		EndReloadAssembly (1033ms)
			LoadAssemblies (106ms)
			RebuildTransferFunctionScriptingTraits (0ms)
			SetupTypeCache (355ms)
			ReleaseScriptCaches (2ms)
			RebuildScriptCaches (54ms)
			SetupLoadedEditorAssemblies (465ms)
				LogAssemblyErrors (0ms)
				InitializePlatformSupportModulesInManaged (17ms)
				SetLoadedEditorAssemblies (1ms)
				RefreshPlugins (2ms)
				BeforeProcessingInitializeOnLoad (98ms)
				ProcessInitializeOnLoadAttributes (307ms)
				ProcessInitializeOnLoadMethodAttributes (31ms)
				AfterProcessingInitializeOnLoad (9ms)
				EditorAssembliesLoaded (0ms)
			ExecutionOrderSort2 (0ms)
			AwakeInstancesAfterBackupRestoration (10ms)
Platform modules already initialized, skipping
Refreshing native plugins compatible for Editor in 5.66 ms, found 3 plugins.
Preloading 0 native plugins for Editor in 0.00 ms.
Unloading 3386 Unused Serialized files (Serialized files now loaded: 0)
Unloading 20 unused Assets / (81.4 KB). Loaded Objects now: 3871.
Memory consumption went from 121.6 MB to 121.5 MB.
Total: 3.952700 ms (FindLiveObjects: 0.379200 ms CreateObjectMapping: 0.091200 ms MarkObjects: 3.381300 ms  DeleteObjects: 0.100000 ms)

AssetImportParameters requested are different than current active one (requested -> active):
  custom:video-decoder-ogg-theora: a1e56fd34408186e4bbccfd4996cb3dc -> 
  custom:container-muxer-webm: aa71ff27fc2769a1b78a27578f13a17b -> 
  custom:container-demuxer-webm: 4f35f7cbe854078d1ac9338744f61a02 -> 
  custom:video-encoder-webm-vp8: eb34c28f22e8b96e1ab97ce403110664 -> 
  custom:video-codec-MediaFoundation-h265: 746d11721c4dcdbdad8f713fa42b33f4 -> 
  custom:audio-encoder-webm-vorbis: bf7c407c2cedff20999df2af8eb42d56 -> 
  custom:framework-win-MediaFoundation: 216162199b28c13a410421893ffa2e32 -> 
  custom:container-demuxer-ogg: 62fdf1f143b41e24485cea50d1cbac27 -> 
  custom:video-decoder-webm-vp8: 9c59270c3fd7afecdb556c50c9e8de78 -> 
  custom:audio-decoder-ogg-vorbis: bf7c407c2cedff20999df2af8eb42d56 -> 
========================================================================
Received Import Request.
  Time since last request: 326430.666144 seconds.
  path: Assets/Materials/packperchas_wire_115115115.mat
  artifactKey: Guid(9e74dfe6c14f07041a39892bb56802cc) Importer(815301076,1909f56bfc062723c751e8b465ee728b)
Start importing Assets/Materials/packperchas_wire_115115115.mat using Guid(9e74dfe6c14f07041a39892bb56802cc) Importer(815301076,1909f56bfc062723c751e8b465ee728b)  -> (artifact id: 'a1b1202ac223c69904dcfaea6493beae') in 0.228231 seconds 
========================================================================
Received Prepare
Registering precompiled user dll's ...
Registered in 0.008698 seconds.
Begin MonoManager ReloadAssembly
Symbol file LoadedFromMemory doesn't match image C:\Users\garra\Documents\UnityGame\Unwind Escape\Unwind Escape\Library\PackageCache\com.unity.visualscripting@1.8.0\Editor\VisualScripting.Core\Dependencies\YamlDotNet\Unity.VisualScripting.YamlDotNet.dll
Symbol file LoadedFromMemory doesn't match image C:\Users\garra\Documents\UnityGame\Unwind Escape\Unwind Escape\Library\PackageCache\com.unity.visualscripting@1.8.0\Editor\VisualScripting.Core\Dependencies\DotNetZip\Unity.VisualScripting.IonicZip.dll
Native extension for WindowsStandalone target not found
Refreshing native plugins compatible for Editor in 1.87 ms, found 3 plugins.
Preloading 0 native plugins for Editor in 0.00 ms.
Mono: successfully reloaded assembly
- Completed reload, in  1.355 seconds
Domain Reload Profiling:
	ReloadAssembly (1356ms)
		BeginReloadAssembly (160ms)
			ExecutionOrderSort (0ms)
			DisableScriptedObjects (4ms)
			BackupInstance (0ms)
			ReleaseScriptingObjects (0ms)
			CreateAndSetChildDomain (53ms)
		EndReloadAssembly (1072ms)
			LoadAssemblies (106ms)
			RebuildTransferFunctionScriptingTraits (0ms)
			SetupTypeCache (344ms)
			ReleaseScriptCaches (2ms)
			RebuildScriptCaches (61ms)
			SetupLoadedEditorAssemblies (484ms)
				LogAssemblyErrors (0ms)
				InitializePlatformSupportModulesInManaged (16ms)
				SetLoadedEditorAssemblies (0ms)
				RefreshPlugins (2ms)
				BeforeProcessingInitializeOnLoad (99ms)
				ProcessInitializeOnLoadAttributes (321ms)
				ProcessInitializeOnLoadMethodAttributes (30ms)
				AfterProcessingInitializeOnLoad (15ms)
				EditorAssembliesLoaded (0ms)
			ExecutionOrderSort2 (0ms)
			AwakeInstancesAfterBackupRestoration (10ms)
Platform modules already initialized, skipping
Refreshing native plugins compatible for Editor in 5.15 ms, found 3 plugins.
Preloading 0 native plugins for Editor in 0.00 ms.
Unloading 3386 Unused Serialized files (Serialized files now loaded: 0)
Unloading 20 unused Assets / (81.4 KB). Loaded Objects now: 3915.
Memory consumption went from 126.3 MB to 126.2 MB.
Total: 5.515000 ms (FindLiveObjects: 0.423700 ms CreateObjectMapping: 0.204200 ms MarkObjects: 4.775100 ms  DeleteObjects: 0.110700 ms)

AssetImportParameters requested are different than current active one (requested -> active):
  custom:video-decoder-ogg-theora: a1e56fd34408186e4bbccfd4996cb3dc -> 
  custom:container-muxer-webm: aa71ff27fc2769a1b78a27578f13a17b -> 
  custom:container-demuxer-webm: 4f35f7cbe854078d1ac9338744f61a02 -> 
  custom:video-encoder-webm-vp8: eb34c28f22e8b96e1ab97ce403110664 -> 
  custom:video-codec-MediaFoundation-h265: 746d11721c4dcdbdad8f713fa42b33f4 -> 
  custom:audio-encoder-webm-vorbis: bf7c407c2cedff20999df2af8eb42d56 -> 
  custom:framework-win-MediaFoundation: 216162199b28c13a410421893ffa2e32 -> 
  custom:container-demuxer-ogg: 62fdf1f143b41e24485cea50d1cbac27 -> 
  custom:video-decoder-webm-vp8: 9c59270c3fd7afecdb556c50c9e8de78 -> 
  custom:audio-decoder-ogg-vorbis: bf7c407c2cedff20999df2af8eb42d56 -> 
========================================================================
Received Prepare
Registering precompiled user dll's ...
Registered in 0.010064 seconds.
Begin MonoManager ReloadAssembly
Symbol file LoadedFromMemory doesn't match image C:\Users\garra\Documents\UnityGame\Unwind Escape\Unwind Escape\Library\PackageCache\com.unity.visualscripting@1.8.0\Editor\VisualScripting.Core\Dependencies\YamlDotNet\Unity.VisualScripting.YamlDotNet.dll
Symbol file LoadedFromMemory doesn't match image C:\Users\garra\Documents\UnityGame\Unwind Escape\Unwind Escape\Library\PackageCache\com.unity.visualscripting@1.8.0\Editor\VisualScripting.Core\Dependencies\DotNetZip\Unity.VisualScripting.IonicZip.dll
Native extension for WindowsStandalone target not found
Refreshing native plugins compatible for Editor in 1.11 ms, found 3 plugins.
Preloading 0 native plugins for Editor in 0.00 ms.
Mono: successfully reloaded assembly
- Completed reload, in  1.475 seconds
Domain Reload Profiling:
	ReloadAssembly (1476ms)
		BeginReloadAssembly (205ms)
			ExecutionOrderSort (0ms)
			DisableScriptedObjects (5ms)
			BackupInstance (0ms)
			ReleaseScriptingObjects (0ms)
			CreateAndSetChildDomain (65ms)
		EndReloadAssembly (1112ms)
			LoadAssemblies (131ms)
			RebuildTransferFunctionScriptingTraits (0ms)
			SetupTypeCache (363ms)
			ReleaseScriptCaches (2ms)
			RebuildScriptCaches (60ms)
			SetupLoadedEditorAssemblies (510ms)
				LogAssemblyErrors (0ms)
				InitializePlatformSupportModulesInManaged (15ms)
				SetLoadedEditorAssemblies (1ms)
				RefreshPlugins (1ms)
				BeforeProcessingInitializeOnLoad (112ms)
				ProcessInitializeOnLoadAttributes (334ms)
				ProcessInitializeOnLoadMethodAttributes (31ms)
				AfterProcessingInitializeOnLoad (15ms)
				EditorAssembliesLoaded (0ms)
			ExecutionOrderSort2 (0ms)
			AwakeInstancesAfterBackupRestoration (9ms)
Platform modules already initialized, skipping
Refreshing native plugins compatible for Editor in 4.22 ms, found 3 plugins.
Preloading 0 native plugins for Editor in 0.00 ms.
Unloading 3386 Unused Serialized files (Serialized files now loaded: 0)
Unloading 20 unused Assets / (81.4 KB). Loaded Objects now: 3918.
Memory consumption went from 126.3 MB to 126.2 MB.
Total: 9.111400 ms (FindLiveObjects: 0.819300 ms CreateObjectMapping: 0.160600 ms MarkObjects: 7.735800 ms  DeleteObjects: 0.394800 ms)

AssetImportParameters requested are different than current active one (requested -> active):
  custom:video-decoder-ogg-theora: a1e56fd34408186e4bbccfd4996cb3dc -> 
  custom:container-muxer-webm: aa71ff27fc2769a1b78a27578f13a17b -> 
  custom:container-demuxer-webm: 4f35f7cbe854078d1ac9338744f61a02 -> 
  custom:video-encoder-webm-vp8: eb34c28f22e8b96e1ab97ce403110664 -> 
  custom:video-codec-MediaFoundation-h265: 746d11721c4dcdbdad8f713fa42b33f4 -> 
  custom:audio-encoder-webm-vorbis: bf7c407c2cedff20999df2af8eb42d56 -> 
  custom:framework-win-MediaFoundation: 216162199b28c13a410421893ffa2e32 -> 
  custom:container-demuxer-ogg: 62fdf1f143b41e24485cea50d1cbac27 -> 
  custom:video-decoder-webm-vp8: 9c59270c3fd7afecdb556c50c9e8de78 -> 
  custom:audio-decoder-ogg-vorbis: bf7c407c2cedff20999df2af8eb42d56 -> 
========================================================================
Received Prepare
Registering precompiled user dll's ...
Registered in 0.008467 seconds.
Begin MonoManager ReloadAssembly
Symbol file LoadedFromMemory doesn't match image C:\Users\garra\Documents\UnityGame\Unwind Escape\Unwind Escape\Library\PackageCache\com.unity.visualscripting@1.8.0\Editor\VisualScripting.Core\Dependencies\YamlDotNet\Unity.VisualScripting.YamlDotNet.dll
Symbol file LoadedFromMemory doesn't match image C:\Users\garra\Documents\UnityGame\Unwind Escape\Unwind Escape\Library\PackageCache\com.unity.visualscripting@1.8.0\Editor\VisualScripting.Core\Dependencies\DotNetZip\Unity.VisualScripting.IonicZip.dll
Native extension for WindowsStandalone target not found
Refreshing native plugins compatible for Editor in 1.30 ms, found 3 plugins.
Preloading 0 native plugins for Editor in 0.00 ms.
Mono: successfully reloaded assembly
- Completed reload, in  1.386 seconds
Domain Reload Profiling:
	ReloadAssembly (1386ms)
		BeginReloadAssembly (176ms)
			ExecutionOrderSort (0ms)
			DisableScriptedObjects (6ms)
			BackupInstance (0ms)
			ReleaseScriptingObjects (0ms)
			CreateAndSetChildDomain (49ms)
		EndReloadAssembly (1095ms)
			LoadAssemblies (117ms)
			RebuildTransferFunctionScriptingTraits (0ms)
			SetupTypeCache (390ms)
			ReleaseScriptCaches (2ms)
			RebuildScriptCaches (59ms)
			SetupLoadedEditorAssemblies (473ms)
				LogAssemblyErrors (0ms)
				InitializePlatformSupportModulesInManaged (17ms)
				SetLoadedEditorAssemblies (1ms)
				RefreshPlugins (1ms)
				BeforeProcessingInitializeOnLoad (105ms)
				ProcessInitializeOnLoadAttributes (301ms)
				ProcessInitializeOnLoadMethodAttributes (34ms)
				AfterProcessingInitializeOnLoad (14ms)
				EditorAssembliesLoaded (0ms)
			ExecutionOrderSort2 (0ms)
			AwakeInstancesAfterBackupRestoration (11ms)
Platform modules already initialized, skipping
Refreshing native plugins compatible for Editor in 3.88 ms, found 3 plugins.
Preloading 0 native plugins for Editor in 0.00 ms.
Unloading 3386 Unused Serialized files (Serialized files now loaded: 0)
Unloading 20 unused Assets / (81.3 KB). Loaded Objects now: 3921.
Memory consumption went from 126.3 MB to 126.2 MB.
Total: 4.079900 ms (FindLiveObjects: 0.404300 ms CreateObjectMapping: 0.094900 ms MarkObjects: 3.452100 ms  DeleteObjects: 0.127700 ms)

AssetImportParameters requested are different than current active one (requested -> active):
  custom:video-decoder-ogg-theora: a1e56fd34408186e4bbccfd4996cb3dc -> 
  custom:container-muxer-webm: aa71ff27fc2769a1b78a27578f13a17b -> 
  custom:container-demuxer-webm: 4f35f7cbe854078d1ac9338744f61a02 -> 
  custom:video-encoder-webm-vp8: eb34c28f22e8b96e1ab97ce403110664 -> 
  custom:video-codec-MediaFoundation-h265: 746d11721c4dcdbdad8f713fa42b33f4 -> 
  custom:audio-encoder-webm-vorbis: bf7c407c2cedff20999df2af8eb42d56 -> 
  custom:framework-win-MediaFoundation: 216162199b28c13a410421893ffa2e32 -> 
  custom:container-demuxer-ogg: 62fdf1f143b41e24485cea50d1cbac27 -> 
  custom:video-decoder-webm-vp8: 9c59270c3fd7afecdb556c50c9e8de78 -> 
  custom:audio-decoder-ogg-vorbis: bf7c407c2cedff20999df2af8eb42d56 -> 
========================================================================
Received Import Request.
  Time since last request: 870.087432 seconds.
  path: Assets/Models/TV.fbx
  artifactKey: Guid(f41e047ee67747d4d8e4f2d661cd2b25) Importer(815301076,1909f56bfc062723c751e8b465ee728b)
Start importing Assets/Models/TV.fbx using Guid(f41e047ee67747d4d8e4f2d661cd2b25) Importer(815301076,1909f56bfc062723c751e8b465ee728b)  -> (artifact id: 'f44264f4064dd5a684d72592e5529a0a') in 0.261471 seconds 
========================================================================
Received Import Request.
  Time since last request: 32.532545 seconds.
  path: Assets/Models/TV.fbx
  artifactKey: Guid(f41e047ee67747d4d8e4f2d661cd2b25) Importer(815301076,1909f56bfc062723c751e8b465ee728b)
Start importing Assets/Models/TV.fbx using Guid(f41e047ee67747d4d8e4f2d661cd2b25) Importer(815301076,1909f56bfc062723c751e8b465ee728b)  -> (artifact id: '820702bb9e74dfe334bb991048c37e1e') in 0.210201 seconds 
========================================================================
Received Import Request.
  Time since last request: 4.754462 seconds.
  path: Assets/Models/TV.fbx
  artifactKey: Guid(f41e047ee67747d4d8e4f2d661cd2b25) Importer(815301076,1909f56bfc062723c751e8b465ee728b)
Start importing Assets/Models/TV.fbx using Guid(f41e047ee67747d4d8e4f2d661cd2b25) Importer(815301076,1909f56bfc062723c751e8b465ee728b)  -> (artifact id: '890d5ab4a165b6d33afda98619487c63') in 0.254196 seconds 
========================================================================
Received Import Request.
  Time since last request: 29.480569 seconds.
  path: Assets/Models/TV.fbx
  artifactKey: Guid(f41e047ee67747d4d8e4f2d661cd2b25) Importer(815301076,1909f56bfc062723c751e8b465ee728b)
Start importing Assets/Models/TV.fbx using Guid(f41e047ee67747d4d8e4f2d661cd2b25) Importer(815301076,1909f56bfc062723c751e8b465ee728b)  -> (artifact id: 'a0cac69ca8640b2a1da4af0508830549') in 0.112086 seconds 
========================================================================
Received Import Request.
  Time since last request: 18.694964 seconds.
  path: Assets/Models/TV.fbx
  artifactKey: Guid(f41e047ee67747d4d8e4f2d661cd2b25) Importer(815301076,1909f56bfc062723c751e8b465ee728b)
Start importing Assets/Models/TV.fbx using Guid(f41e047ee67747d4d8e4f2d661cd2b25) Importer(815301076,1909f56bfc062723c751e8b465ee728b)  -> (artifact id: 'fb7ffc2e37c8db6de958bdc8bc26616e') in 0.156731 seconds 
========================================================================
Received Import Request.
  Time since last request: 9.321888 seconds.
  path: Assets/Models/TV.fbx
  artifactKey: Guid(f41e047ee67747d4d8e4f2d661cd2b25) Importer(815301076,1909f56bfc062723c751e8b465ee728b)
Start importing Assets/Models/TV.fbx using Guid(f41e047ee67747d4d8e4f2d661cd2b25) Importer(815301076,1909f56bfc062723c751e8b465ee728b)  -> (artifact id: '684c71ae9ffc209945f62331ba5df7ad') in 0.142490 seconds 
========================================================================
Received Import Request.
  Time since last request: 2.890967 seconds.
  path: Assets/Models/TV.fbx
  artifactKey: Guid(f41e047ee67747d4d8e4f2d661cd2b25) Importer(815301076,1909f56bfc062723c751e8b465ee728b)
Start importing Assets/Models/TV.fbx using Guid(f41e047ee67747d4d8e4f2d661cd2b25) Importer(815301076,1909f56bfc062723c751e8b465ee728b)  -> (artifact id: '08bc477861d74c17d00fca0eb41daa89') in 0.115956 seconds 
========================================================================
Received Import Request.
  Time since last request: 305.306888 seconds.
  path: Assets/Models/Table.fbx
  artifactKey: Guid(87b73de5d9386e04ab19f3837c5a6b6d) Importer(815301076,1909f56bfc062723c751e8b465ee728b)
Start importing Assets/Models/Table.fbx using Guid(87b73de5d9386e04ab19f3837c5a6b6d) Importer(815301076,1909f56bfc062723c751e8b465ee728b)  -> (artifact id: 'f0f2e476d53dfd210dcbc0050eff7bf6') in 0.034429 seconds 
========================================================================
Received Import Request.
  Time since last request: 102.213893 seconds.
  path: Assets/Models/Table.fbx
  artifactKey: Guid(87b73de5d9386e04ab19f3837c5a6b6d) Importer(815301076,1909f56bfc062723c751e8b465ee728b)
Start importing Assets/Models/Table.fbx using Guid(87b73de5d9386e04ab19f3837c5a6b6d) Importer(815301076,1909f56bfc062723c751e8b465ee728b)  -> (artifact id: '643bb46e49ea0d65b2d9c04fdb179254') in 0.272103 seconds 
========================================================================
Received Import Request.
  Time since last request: 626.239847 seconds.
  path: Assets/Models/DIvan.fbx
  artifactKey: Guid(f94d1bb224ee9be4da39f0c149e6f4f4) Importer(815301076,1909f56bfc062723c751e8b465ee728b)
Start importing Assets/Models/DIvan.fbx using Guid(f94d1bb224ee9be4da39f0c149e6f4f4) Importer(815301076,1909f56bfc062723c751e8b465ee728b)  -> (artifact id: 'b4d15d4739e6d0c577638e69844b6803') in 0.052863 seconds 
========================================================================
Received Import Request.
  Time since last request: 8.412317 seconds.
  path: Assets/Models/DIvan.fbx
  artifactKey: Guid(f94d1bb224ee9be4da39f0c149e6f4f4) Importer(815301076,1909f56bfc062723c751e8b465ee728b)
Start importing Assets/Models/DIvan.fbx using Guid(f94d1bb224ee9be4da39f0c149e6f4f4) Importer(815301076,1909f56bfc062723c751e8b465ee728b)  -> (artifact id: 'cacea49d0a2447d33a780da962410373') in 0.291624 seconds 
========================================================================
Received Import Request.
  Time since last request: 4.797374 seconds.
  path: Assets/Models/DIvan.fbx
  artifactKey: Guid(f94d1bb224ee9be4da39f0c149e6f4f4) Importer(815301076,1909f56bfc062723c751e8b465ee728b)
Start importing Assets/Models/DIvan.fbx using Guid(f94d1bb224ee9be4da39f0c149e6f4f4) Importer(815301076,1909f56bfc062723c751e8b465ee728b)  -> (artifact id: 'f287df9bedaaf4d8930f577cf82e7c48') in 0.115504 seconds 
========================================================================
Received Import Request.
  Time since last request: 54.461017 seconds.
  path: Assets/Textures/105_walnut dark fine wood texture-seamless.jpg
  artifactKey: Guid(68d1dfebb26ee3d489c1facaae0a7f6e) Importer(815301076,1909f56bfc062723c751e8b465ee728b)
Start importing Assets/Textures/105_walnut dark fine wood texture-seamless.jpg using Guid(68d1dfebb26ee3d489c1facaae0a7f6e) Importer(815301076,1909f56bfc062723c751e8b465ee728b)  -> (artifact id: '1671ebf864cca4050e81f6bb0c9b6adc') in 0.044293 seconds 
========================================================================
Received Import Request.
  Time since last request: 135.874782 seconds.
  path: Assets/Models/Lamp.obj
  artifactKey: Guid(33594ea5e185eb94bb3e52735be47f2c) Importer(815301076,1909f56bfc062723c751e8b465ee728b)
Start importing Assets/Models/Lamp.obj using Guid(33594ea5e185eb94bb3e52735be47f2c) Importer(815301076,1909f56bfc062723c751e8b465ee728b)  -> (artifact id: '00b21056826c6c9a259e014edf860aba') in 0.253442 seconds 
========================================================================
Received Import Request.
  Time since last request: 2.498749 seconds.
  path: Assets/Models/LampFloor.obj
  artifactKey: Guid(33594ea5e185eb94bb3e52735be47f2c) Importer(815301076,1909f56bfc062723c751e8b465ee728b)
Start importing Assets/Models/LampFloor.obj using Guid(33594ea5e185eb94bb3e52735be47f2c) Importer(815301076,1909f56bfc062723c751e8b465ee728b)  -> (artifact id: 'be51ec22793ddaff8dd10eed88c1b66a') in 0.248168 seconds 
========================================================================
Received Import Request.
  Time since last request: 56.943780 seconds.
  path: Assets/Models/fbx.FBX
  artifactKey: Guid(a3d0c542d50cda64791af31a797f83fb) Importer(815301076,1909f56bfc062723c751e8b465ee728b)
Start importing Assets/Models/fbx.FBX using Guid(a3d0c542d50cda64791af31a797f83fb) Importer(815301076,1909f56bfc062723c751e8b465ee728b)  -> (artifact id: '6c5839b75009a86ad44e4fd6e9f11ae3') in 0.161817 seconds 
========================================================================
Received Import Request.
  Time since last request: 3.838809 seconds.
  path: Assets/Models/LampFloor.FBX
  artifactKey: Guid(a3d0c542d50cda64791af31a797f83fb) Importer(815301076,1909f56bfc062723c751e8b465ee728b)
Start importing Assets/Models/LampFloor.FBX using Guid(a3d0c542d50cda64791af31a797f83fb) Importer(815301076,1909f56bfc062723c751e8b465ee728b)  -> (artifact id: 'f1870cbda7a1c7870289cd2e1fdde0ed') in 0.176775 seconds 
========================================================================
Received Import Request.
  Time since last request: 18.890743 seconds.
  path: Assets/Models/LampFloor.FBX
  artifactKey: Guid(a3d0c542d50cda64791af31a797f83fb) Importer(815301076,1909f56bfc062723c751e8b465ee728b)
Start importing Assets/Models/LampFloor.FBX using Guid(a3d0c542d50cda64791af31a797f83fb) Importer(815301076,1909f56bfc062723c751e8b465ee728b)  -> (artifact id: '8ab0a41833c22282355fb1696e52020f') in 0.368595 seconds 
========================================================================
Received Prepare
Registering precompiled user dll's ...
Registered in 0.010981 seconds.
Begin MonoManager ReloadAssembly
Symbol file LoadedFromMemory doesn't match image C:\Users\garra\Documents\UnityGame\Unwind Escape\Unwind Escape\Library\PackageCache\com.unity.visualscripting@1.8.0\Editor\VisualScripting.Core\Dependencies\YamlDotNet\Unity.VisualScripting.YamlDotNet.dll
Symbol file LoadedFromMemory doesn't match image C:\Users\garra\Documents\UnityGame\Unwind Escape\Unwind Escape\Library\PackageCache\com.unity.visualscripting@1.8.0\Editor\VisualScripting.Core\Dependencies\DotNetZip\Unity.VisualScripting.IonicZip.dll
Native extension for WindowsStandalone target not found
Refreshing native plugins compatible for Editor in 1.47 ms, found 3 plugins.
Preloading 0 native plugins for Editor in 0.00 ms.
Mono: successfully reloaded assembly
- Completed reload, in  1.345 seconds
Domain Reload Profiling:
	ReloadAssembly (1346ms)
		BeginReloadAssembly (172ms)
			ExecutionOrderSort (0ms)
			DisableScriptedObjects (5ms)
			BackupInstance (0ms)
			ReleaseScriptingObjects (0ms)
			CreateAndSetChildDomain (45ms)
		EndReloadAssembly (1051ms)
			LoadAssemblies (110ms)
			RebuildTransferFunctionScriptingTraits (0ms)
			SetupTypeCache (344ms)
			ReleaseScriptCaches (3ms)
			RebuildScriptCaches (55ms)
			SetupLoadedEditorAssemblies (488ms)
				LogAssemblyErrors (0ms)
				InitializePlatformSupportModulesInManaged (16ms)
				SetLoadedEditorAssemblies (1ms)
				RefreshPlugins (2ms)
				BeforeProcessingInitializeOnLoad (122ms)
				ProcessInitializeOnLoadAttributes (303ms)
				ProcessInitializeOnLoadMethodAttributes (34ms)
				AfterProcessingInitializeOnLoad (10ms)
				EditorAssembliesLoaded (0ms)
			ExecutionOrderSort2 (0ms)
			AwakeInstancesAfterBackupRestoration (8ms)
Platform modules already initialized, skipping
Refreshing native plugins compatible for Editor in 4.86 ms, found 3 plugins.
Preloading 0 native plugins for Editor in 0.00 ms.
Unloading 3386 Unused Serialized files (Serialized files now loaded: 0)
Unloading 20 unused Assets / (81.4 KB). Loaded Objects now: 3929.
Memory consumption went from 127.1 MB to 127.0 MB.
Total: 4.296300 ms (FindLiveObjects: 0.476300 ms CreateObjectMapping: 0.179800 ms MarkObjects: 3.529000 ms  DeleteObjects: 0.110400 ms)

AssetImportParameters requested are different than current active one (requested -> active):
  custom:video-decoder-ogg-theora: a1e56fd34408186e4bbccfd4996cb3dc -> 
  custom:container-muxer-webm: aa71ff27fc2769a1b78a27578f13a17b -> 
  custom:container-demuxer-webm: 4f35f7cbe854078d1ac9338744f61a02 -> 
  custom:video-encoder-webm-vp8: eb34c28f22e8b96e1ab97ce403110664 -> 
  custom:video-codec-MediaFoundation-h265: 746d11721c4dcdbdad8f713fa42b33f4 -> 
  custom:audio-encoder-webm-vorbis: bf7c407c2cedff20999df2af8eb42d56 -> 
  custom:framework-win-MediaFoundation: 216162199b28c13a410421893ffa2e32 -> 
  custom:container-demuxer-ogg: 62fdf1f143b41e24485cea50d1cbac27 -> 
  custom:video-decoder-webm-vp8: 9c59270c3fd7afecdb556c50c9e8de78 -> 
  custom:audio-decoder-ogg-vorbis: bf7c407c2cedff20999df2af8eb42d56 -> 
========================================================================
Received Prepare
Registering precompiled user dll's ...
Registered in 0.008791 seconds.
Begin MonoManager ReloadAssembly
Symbol file LoadedFromMemory doesn't match image C:\Users\garra\Documents\UnityGame\Unwind Escape\Unwind Escape\Library\PackageCache\com.unity.visualscripting@1.8.0\Editor\VisualScripting.Core\Dependencies\YamlDotNet\Unity.VisualScripting.YamlDotNet.dll
Symbol file LoadedFromMemory doesn't match image C:\Users\garra\Documents\UnityGame\Unwind Escape\Unwind Escape\Library\PackageCache\com.unity.visualscripting@1.8.0\Editor\VisualScripting.Core\Dependencies\DotNetZip\Unity.VisualScripting.IonicZip.dll
Native extension for WindowsStandalone target not found
Refreshing native plugins compatible for Editor in 1.20 ms, found 3 plugins.
Preloading 0 native plugins for Editor in 0.00 ms.
Mono: successfully reloaded assembly
- Completed reload, in  1.321 seconds
Domain Reload Profiling:
	ReloadAssembly (1322ms)
		BeginReloadAssembly (149ms)
			ExecutionOrderSort (0ms)
			DisableScriptedObjects (6ms)
			BackupInstance (0ms)
			ReleaseScriptingObjects (0ms)
			CreateAndSetChildDomain (40ms)
		EndReloadAssembly (1051ms)
			LoadAssemblies (110ms)
			RebuildTransferFunctionScriptingTraits (0ms)
			SetupTypeCache (357ms)
			ReleaseScriptCaches (2ms)
			RebuildScriptCaches (56ms)
			SetupLoadedEditorAssemblies (452ms)
				LogAssemblyErrors (0ms)
				InitializePlatformSupportModulesInManaged (18ms)
				SetLoadedEditorAssemblies (1ms)
				RefreshPlugins (1ms)
				BeforeProcessingInitializeOnLoad (108ms)
				ProcessInitializeOnLoadAttributes (276ms)
				ProcessInitializeOnLoadMethodAttributes (35ms)
				AfterProcessingInitializeOnLoad (13ms)
				EditorAssembliesLoaded (0ms)
			ExecutionOrderSort2 (0ms)
			AwakeInstancesAfterBackupRestoration (12ms)
Platform modules already initialized, skipping
Refreshing native plugins compatible for Editor in 3.62 ms, found 3 plugins.
Preloading 0 native plugins for Editor in 0.00 ms.
Unloading 3386 Unused Serialized files (Serialized files now loaded: 0)
Unloading 20 unused Assets / (81.2 KB). Loaded Objects now: 3932.
Memory consumption went from 127.1 MB to 127.0 MB.
Total: 8.339500 ms (FindLiveObjects: 0.417800 ms CreateObjectMapping: 0.182800 ms MarkObjects: 7.610800 ms  DeleteObjects: 0.126800 ms)

AssetImportParameters requested are different than current active one (requested -> active):
  custom:video-decoder-ogg-theora: a1e56fd34408186e4bbccfd4996cb3dc -> 
  custom:container-muxer-webm: aa71ff27fc2769a1b78a27578f13a17b -> 
  custom:container-demuxer-webm: 4f35f7cbe854078d1ac9338744f61a02 -> 
  custom:video-encoder-webm-vp8: eb34c28f22e8b96e1ab97ce403110664 -> 
  custom:video-codec-MediaFoundation-h265: 746d11721c4dcdbdad8f713fa42b33f4 -> 
  custom:audio-encoder-webm-vorbis: bf7c407c2cedff20999df2af8eb42d56 -> 
  custom:framework-win-MediaFoundation: 216162199b28c13a410421893ffa2e32 -> 
  custom:container-demuxer-ogg: 62fdf1f143b41e24485cea50d1cbac27 -> 
  custom:video-decoder-webm-vp8: 9c59270c3fd7afecdb556c50c9e8de78 -> 
  custom:audio-decoder-ogg-vorbis: bf7c407c2cedff20999df2af8eb42d56 -> 
========================================================================
Received Prepare
Registering precompiled user dll's ...
Registered in 0.008998 seconds.
Begin MonoManager ReloadAssembly
Symbol file LoadedFromMemory doesn't match image C:\Users\garra\Documents\UnityGame\Unwind Escape\Unwind Escape\Library\PackageCache\com.unity.visualscripting@1.8.0\Editor\VisualScripting.Core\Dependencies\YamlDotNet\Unity.VisualScripting.YamlDotNet.dll
Symbol file LoadedFromMemory doesn't match image C:\Users\garra\Documents\UnityGame\Unwind Escape\Unwind Escape\Library\PackageCache\com.unity.visualscripting@1.8.0\Editor\VisualScripting.Core\Dependencies\DotNetZip\Unity.VisualScripting.IonicZip.dll
Native extension for WindowsStandalone target not found
Refreshing native plugins compatible for Editor in 1.00 ms, found 3 plugins.
Preloading 0 native plugins for Editor in 0.00 ms.
Mono: successfully reloaded assembly
- Completed reload, in  1.687 seconds
Domain Reload Profiling:
	ReloadAssembly (1687ms)
		BeginReloadAssembly (169ms)
			ExecutionOrderSort (0ms)
			DisableScriptedObjects (6ms)
			BackupInstance (0ms)
			ReleaseScriptingObjects (0ms)
			CreateAndSetChildDomain (45ms)
		EndReloadAssembly (1381ms)
			LoadAssemblies (127ms)
			RebuildTransferFunctionScriptingTraits (0ms)
			SetupTypeCache (375ms)
			ReleaseScriptCaches (2ms)
			RebuildScriptCaches (52ms)
			SetupLoadedEditorAssemblies (712ms)
				LogAssemblyErrors (0ms)
				InitializePlatformSupportModulesInManaged (14ms)
				SetLoadedEditorAssemblies (1ms)
				RefreshPlugins (1ms)
				BeforeProcessingInitializeOnLoad (111ms)
				ProcessInitializeOnLoadAttributes (543ms)
				ProcessInitializeOnLoadMethodAttributes (34ms)
				AfterProcessingInitializeOnLoad (9ms)
				EditorAssembliesLoaded (0ms)
			ExecutionOrderSort2 (0ms)
			AwakeInstancesAfterBackupRestoration (21ms)
Platform modules already initialized, skipping
Refreshing native plugins compatible for Editor in 4.47 ms, found 3 plugins.
Preloading 0 native plugins for Editor in 0.00 ms.
Unloading 3386 Unused Serialized files (Serialized files now loaded: 0)
Unloading 20 unused Assets / (81.4 KB). Loaded Objects now: 3935.
Memory consumption went from 127.1 MB to 127.0 MB.
Total: 6.644300 ms (FindLiveObjects: 0.490100 ms CreateObjectMapping: 0.658900 ms MarkObjects: 5.372100 ms  DeleteObjects: 0.121900 ms)

AssetImportParameters requested are different than current active one (requested -> active):
  custom:video-decoder-ogg-theora: a1e56fd34408186e4bbccfd4996cb3dc -> 
  custom:container-muxer-webm: aa71ff27fc2769a1b78a27578f13a17b -> 
  custom:container-demuxer-webm: 4f35f7cbe854078d1ac9338744f61a02 -> 
  custom:video-encoder-webm-vp8: eb34c28f22e8b96e1ab97ce403110664 -> 
  custom:video-codec-MediaFoundation-h265: 746d11721c4dcdbdad8f713fa42b33f4 -> 
  custom:audio-encoder-webm-vorbis: bf7c407c2cedff20999df2af8eb42d56 -> 
  custom:framework-win-MediaFoundation: 216162199b28c13a410421893ffa2e32 -> 
  custom:container-demuxer-ogg: 62fdf1f143b41e24485cea50d1cbac27 -> 
  custom:video-decoder-webm-vp8: 9c59270c3fd7afecdb556c50c9e8de78 -> 
  custom:audio-decoder-ogg-vorbis: bf7c407c2cedff20999df2af8eb42d56 -> 
========================================================================
Received Prepare
Registering precompiled user dll's ...
Registered in 0.008507 seconds.
Begin MonoManager ReloadAssembly
Symbol file LoadedFromMemory doesn't match image C:\Users\garra\Documents\UnityGame\Unwind Escape\Unwind Escape\Library\PackageCache\com.unity.visualscripting@1.8.0\Editor\VisualScripting.Core\Dependencies\YamlDotNet\Unity.VisualScripting.YamlDotNet.dll
Symbol file LoadedFromMemory doesn't match image C:\Users\garra\Documents\UnityGame\Unwind Escape\Unwind Escape\Library\PackageCache\com.unity.visualscripting@1.8.0\Editor\VisualScripting.Core\Dependencies\DotNetZip\Unity.VisualScripting.IonicZip.dll
Native extension for WindowsStandalone target not found
Refreshing native plugins compatible for Editor in 1.16 ms, found 3 plugins.
Preloading 0 native plugins for Editor in 0.00 ms.
Mono: successfully reloaded assembly
- Completed reload, in  1.405 seconds
Domain Reload Profiling:
	ReloadAssembly (1415ms)
		BeginReloadAssembly (151ms)
			ExecutionOrderSort (0ms)
			DisableScriptedObjects (6ms)
			BackupInstance (0ms)
			ReleaseScriptingObjects (0ms)
			CreateAndSetChildDomain (39ms)
		EndReloadAssembly (1117ms)
			LoadAssemblies (104ms)
			RebuildTransferFunctionScriptingTraits (0ms)
			SetupTypeCache (370ms)
			ReleaseScriptCaches (1ms)
			RebuildScriptCaches (77ms)
			SetupLoadedEditorAssemblies (475ms)
				LogAssemblyErrors (0ms)
				InitializePlatformSupportModulesInManaged (16ms)
				SetLoadedEditorAssemblies (1ms)
				RefreshPlugins (2ms)
				BeforeProcessingInitializeOnLoad (97ms)
				ProcessInitializeOnLoadAttributes (323ms)
				ProcessInitializeOnLoadMethodAttributes (28ms)
				AfterProcessingInitializeOnLoad (9ms)
				EditorAssembliesLoaded (0ms)
			ExecutionOrderSort2 (0ms)
			AwakeInstancesAfterBackupRestoration (11ms)
Platform modules already initialized, skipping
Refreshing native plugins compatible for Editor in 5.64 ms, found 3 plugins.
Preloading 0 native plugins for Editor in 0.00 ms.
Unloading 3386 Unused Serialized files (Serialized files now loaded: 0)
Unloading 20 unused Assets / (81.4 KB). Loaded Objects now: 3938.
Memory consumption went from 127.1 MB to 127.0 MB.
Total: 7.969800 ms (FindLiveObjects: 0.674900 ms CreateObjectMapping: 0.345600 ms MarkObjects: 6.722600 ms  DeleteObjects: 0.225300 ms)

AssetImportParameters requested are different than current active one (requested -> active):
  custom:video-decoder-ogg-theora: a1e56fd34408186e4bbccfd4996cb3dc -> 
  custom:container-muxer-webm: aa71ff27fc2769a1b78a27578f13a17b -> 
  custom:container-demuxer-webm: 4f35f7cbe854078d1ac9338744f61a02 -> 
  custom:video-encoder-webm-vp8: eb34c28f22e8b96e1ab97ce403110664 -> 
  custom:video-codec-MediaFoundation-h265: 746d11721c4dcdbdad8f713fa42b33f4 -> 
  custom:audio-encoder-webm-vorbis: bf7c407c2cedff20999df2af8eb42d56 -> 
  custom:framework-win-MediaFoundation: 216162199b28c13a410421893ffa2e32 -> 
  custom:container-demuxer-ogg: 62fdf1f143b41e24485cea50d1cbac27 -> 
  custom:video-decoder-webm-vp8: 9c59270c3fd7afecdb556c50c9e8de78 -> 
  custom:audio-decoder-ogg-vorbis: bf7c407c2cedff20999df2af8eb42d56 -> 
========================================================================
Received Prepare
Registering precompiled user dll's ...
Registered in 0.007868 seconds.
Begin MonoManager ReloadAssembly
Symbol file LoadedFromMemory doesn't match image C:\Users\garra\Documents\UnityGame\Unwind Escape\Unwind Escape\Library\PackageCache\com.unity.visualscripting@1.8.0\Editor\VisualScripting.Core\Dependencies\YamlDotNet\Unity.VisualScripting.YamlDotNet.dll
Symbol file LoadedFromMemory doesn't match image C:\Users\garra\Documents\UnityGame\Unwind Escape\Unwind Escape\Library\PackageCache\com.unity.visualscripting@1.8.0\Editor\VisualScripting.Core\Dependencies\DotNetZip\Unity.VisualScripting.IonicZip.dll
Native extension for WindowsStandalone target not found
Refreshing native plugins compatible for Editor in 1.40 ms, found 3 plugins.
Preloading 0 native plugins for Editor in 0.00 ms.
Mono: successfully reloaded assembly
- Completed reload, in  1.425 seconds
Domain Reload Profiling:
	ReloadAssembly (1426ms)
		BeginReloadAssembly (194ms)
			ExecutionOrderSort (0ms)
			DisableScriptedObjects (6ms)
			BackupInstance (0ms)
			ReleaseScriptingObjects (0ms)
			CreateAndSetChildDomain (36ms)
		EndReloadAssembly (1094ms)
			LoadAssemblies (142ms)
			RebuildTransferFunctionScriptingTraits (0ms)
			SetupTypeCache (359ms)
			ReleaseScriptCaches (2ms)
			RebuildScriptCaches (71ms)
			SetupLoadedEditorAssemblies (471ms)
				LogAssemblyErrors (0ms)
				InitializePlatformSupportModulesInManaged (15ms)
				SetLoadedEditorAssemblies (1ms)
				RefreshPlugins (1ms)
				BeforeProcessingInitializeOnLoad (114ms)
				ProcessInitializeOnLoadAttributes (300ms)
				ProcessInitializeOnLoadMethodAttributes (29ms)
				AfterProcessingInitializeOnLoad (11ms)
				EditorAssembliesLoaded (0ms)
			ExecutionOrderSort2 (0ms)
			AwakeInstancesAfterBackupRestoration (18ms)
Platform modules already initialized, skipping
Refreshing native plugins compatible for Editor in 5.16 ms, found 3 plugins.
Preloading 0 native plugins for Editor in 0.00 ms.
Unloading 3386 Unused Serialized files (Serialized files now loaded: 0)
Unloading 20 unused Assets / (81.4 KB). Loaded Objects now: 3941.
Memory consumption went from 127.1 MB to 127.0 MB.
Total: 8.240700 ms (FindLiveObjects: 0.897600 ms CreateObjectMapping: 1.270500 ms MarkObjects: 5.920900 ms  DeleteObjects: 0.150500 ms)

AssetImportParameters requested are different than current active one (requested -> active):
  custom:video-decoder-ogg-theora: a1e56fd34408186e4bbccfd4996cb3dc -> 
  custom:container-muxer-webm: aa71ff27fc2769a1b78a27578f13a17b -> 
  custom:container-demuxer-webm: 4f35f7cbe854078d1ac9338744f61a02 -> 
  custom:video-encoder-webm-vp8: eb34c28f22e8b96e1ab97ce403110664 -> 
  custom:video-codec-MediaFoundation-h265: 746d11721c4dcdbdad8f713fa42b33f4 -> 
  custom:audio-encoder-webm-vorbis: bf7c407c2cedff20999df2af8eb42d56 -> 
  custom:framework-win-MediaFoundation: 216162199b28c13a410421893ffa2e32 -> 
  custom:container-demuxer-ogg: 62fdf1f143b41e24485cea50d1cbac27 -> 
  custom:video-decoder-webm-vp8: 9c59270c3fd7afecdb556c50c9e8de78 -> 
  custom:audio-decoder-ogg-vorbis: bf7c407c2cedff20999df2af8eb42d56 -> 
========================================================================
Received Prepare
Registering precompiled user dll's ...
Registered in 0.007826 seconds.
Begin MonoManager ReloadAssembly
Symbol file LoadedFromMemory doesn't match image C:\Users\garra\Documents\UnityGame\Unwind Escape\Unwind Escape\Library\PackageCache\com.unity.visualscripting@1.8.0\Editor\VisualScripting.Core\Dependencies\YamlDotNet\Unity.VisualScripting.YamlDotNet.dll
Symbol file LoadedFromMemory doesn't match image C:\Users\garra\Documents\UnityGame\Unwind Escape\Unwind Escape\Library\PackageCache\com.unity.visualscripting@1.8.0\Editor\VisualScripting.Core\Dependencies\DotNetZip\Unity.VisualScripting.IonicZip.dll
Native extension for WindowsStandalone target not found
Refreshing native plugins compatible for Editor in 3.14 ms, found 3 plugins.
Preloading 0 native plugins for Editor in 0.00 ms.
Mono: successfully reloaded assembly
- Completed reload, in  1.432 seconds
Domain Reload Profiling:
	ReloadAssembly (1433ms)
		BeginReloadAssembly (161ms)
			ExecutionOrderSort (0ms)
			DisableScriptedObjects (6ms)
			BackupInstance (0ms)
			ReleaseScriptingObjects (0ms)
			CreateAndSetChildDomain (44ms)
		EndReloadAssembly (1143ms)
			LoadAssemblies (102ms)
			RebuildTransferFunctionScriptingTraits (0ms)
			SetupTypeCache (433ms)
			ReleaseScriptCaches (2ms)
			RebuildScriptCaches (70ms)
			SetupLoadedEditorAssemblies (477ms)
				LogAssemblyErrors (0ms)
				InitializePlatformSupportModulesInManaged (14ms)
				SetLoadedEditorAssemblies (0ms)
				RefreshPlugins (3ms)
				BeforeProcessingInitializeOnLoad (108ms)
				ProcessInitializeOnLoadAttributes (306ms)
				ProcessInitializeOnLoadMethodAttributes (35ms)
				AfterProcessingInitializeOnLoad (10ms)
				EditorAssembliesLoaded (0ms)
			ExecutionOrderSort2 (0ms)
			AwakeInstancesAfterBackupRestoration (8ms)
Platform modules already initialized, skipping
Refreshing native plugins compatible for Editor in 3.85 ms, found 3 plugins.
Preloading 0 native plugins for Editor in 0.00 ms.
Unloading 3386 Unused Serialized files (Serialized files now loaded: 0)
Unloading 20 unused Assets / (81.3 KB). Loaded Objects now: 3944.
Memory consumption went from 127.1 MB to 127.0 MB.
Total: 13.932900 ms (FindLiveObjects: 0.997600 ms CreateObjectMapping: 0.235600 ms MarkObjects: 12.461500 ms  DeleteObjects: 0.236800 ms)

AssetImportParameters requested are different than current active one (requested -> active):
  custom:video-decoder-ogg-theora: a1e56fd34408186e4bbccfd4996cb3dc -> 
  custom:container-muxer-webm: aa71ff27fc2769a1b78a27578f13a17b -> 
  custom:container-demuxer-webm: 4f35f7cbe854078d1ac9338744f61a02 -> 
  custom:video-encoder-webm-vp8: eb34c28f22e8b96e1ab97ce403110664 -> 
  custom:video-codec-MediaFoundation-h265: 746d11721c4dcdbdad8f713fa42b33f4 -> 
  custom:audio-encoder-webm-vorbis: bf7c407c2cedff20999df2af8eb42d56 -> 
  custom:framework-win-MediaFoundation: 216162199b28c13a410421893ffa2e32 -> 
  custom:container-demuxer-ogg: 62fdf1f143b41e24485cea50d1cbac27 -> 
  custom:video-decoder-webm-vp8: 9c59270c3fd7afecdb556c50c9e8de78 -> 
  custom:audio-decoder-ogg-vorbis: bf7c407c2cedff20999df2af8eb42d56 -> 
========================================================================
Received Prepare
Registering precompiled user dll's ...
Registered in 0.009512 seconds.
Begin MonoManager ReloadAssembly
Symbol file LoadedFromMemory doesn't match image C:\Users\garra\Documents\UnityGame\Unwind Escape\Unwind Escape\Library\PackageCache\com.unity.visualscripting@1.8.0\Editor\VisualScripting.Core\Dependencies\YamlDotNet\Unity.VisualScripting.YamlDotNet.dll
Symbol file LoadedFromMemory doesn't match image C:\Users\garra\Documents\UnityGame\Unwind Escape\Unwind Escape\Library\PackageCache\com.unity.visualscripting@1.8.0\Editor\VisualScripting.Core\Dependencies\DotNetZip\Unity.VisualScripting.IonicZip.dll
Native extension for WindowsStandalone target not found
Refreshing native plugins compatible for Editor in 2.39 ms, found 3 plugins.
Preloading 0 native plugins for Editor in 0.00 ms.
Mono: successfully reloaded assembly
- Completed reload, in  1.311 seconds
Domain Reload Profiling:
	ReloadAssembly (1312ms)
		BeginReloadAssembly (153ms)
			ExecutionOrderSort (0ms)
			DisableScriptedObjects (6ms)
			BackupInstance (0ms)
			ReleaseScriptingObjects (0ms)
			CreateAndSetChildDomain (41ms)
		EndReloadAssembly (1046ms)
			LoadAssemblies (97ms)
			RebuildTransferFunctionScriptingTraits (0ms)
			SetupTypeCache (337ms)
			ReleaseScriptCaches (2ms)
			RebuildScriptCaches (63ms)
			SetupLoadedEditorAssemblies (491ms)
				LogAssemblyErrors (0ms)
				InitializePlatformSupportModulesInManaged (16ms)
				SetLoadedEditorAssemblies (0ms)
				RefreshPlugins (3ms)
				BeforeProcessingInitializeOnLoad (106ms)
				ProcessInitializeOnLoadAttributes (319ms)
				ProcessInitializeOnLoadMethodAttributes (36ms)
				AfterProcessingInitializeOnLoad (12ms)
				EditorAssembliesLoaded (0ms)
			ExecutionOrderSort2 (0ms)
			AwakeInstancesAfterBackupRestoration (8ms)
Platform modules already initialized, skipping
Refreshing native plugins compatible for Editor in 5.46 ms, found 3 plugins.
Preloading 0 native plugins for Editor in 0.00 ms.
Unloading 3386 Unused Serialized files (Serialized files now loaded: 0)
Unloading 20 unused Assets / (81.3 KB). Loaded Objects now: 3947.
Memory consumption went from 127.1 MB to 127.0 MB.
Total: 12.278200 ms (FindLiveObjects: 0.627800 ms CreateObjectMapping: 0.271500 ms MarkObjects: 11.151700 ms  DeleteObjects: 0.226100 ms)

AssetImportParameters requested are different than current active one (requested -> active):
  custom:video-decoder-ogg-theora: a1e56fd34408186e4bbccfd4996cb3dc -> 
  custom:container-muxer-webm: aa71ff27fc2769a1b78a27578f13a17b -> 
  custom:container-demuxer-webm: 4f35f7cbe854078d1ac9338744f61a02 -> 
  custom:video-encoder-webm-vp8: eb34c28f22e8b96e1ab97ce403110664 -> 
  custom:video-codec-MediaFoundation-h265: 746d11721c4dcdbdad8f713fa42b33f4 -> 
  custom:audio-encoder-webm-vorbis: bf7c407c2cedff20999df2af8eb42d56 -> 
  custom:framework-win-MediaFoundation: 216162199b28c13a410421893ffa2e32 -> 
  custom:container-demuxer-ogg: 62fdf1f143b41e24485cea50d1cbac27 -> 
  custom:video-decoder-webm-vp8: 9c59270c3fd7afecdb556c50c9e8de78 -> 
  custom:audio-decoder-ogg-vorbis: bf7c407c2cedff20999df2af8eb42d56 -> 
========================================================================
Received Prepare
Registering precompiled user dll's ...
Registered in 0.007818 seconds.
Begin MonoManager ReloadAssembly
Symbol file LoadedFromMemory doesn't match image C:\Users\garra\Documents\UnityGame\Unwind Escape\Unwind Escape\Library\PackageCache\com.unity.visualscripting@1.8.0\Editor\VisualScripting.Core\Dependencies\YamlDotNet\Unity.VisualScripting.YamlDotNet.dll
Symbol file LoadedFromMemory doesn't match image C:\Users\garra\Documents\UnityGame\Unwind Escape\Unwind Escape\Library\PackageCache\com.unity.visualscripting@1.8.0\Editor\VisualScripting.Core\Dependencies\DotNetZip\Unity.VisualScripting.IonicZip.dll
Native extension for WindowsStandalone target not found
Refreshing native plugins compatible for Editor in 1.62 ms, found 3 plugins.
Preloading 0 native plugins for Editor in 0.00 ms.
Mono: successfully reloaded assembly
- Completed reload, in  1.255 seconds
Domain Reload Profiling:
	ReloadAssembly (1256ms)
		BeginReloadAssembly (143ms)
			ExecutionOrderSort (0ms)
			DisableScriptedObjects (5ms)
			BackupInstance (0ms)
			ReleaseScriptingObjects (0ms)
			CreateAndSetChildDomain (42ms)
		EndReloadAssembly (1006ms)
			LoadAssemblies (90ms)
			RebuildTransferFunctionScriptingTraits (0ms)
			SetupTypeCache (296ms)
			ReleaseScriptCaches (2ms)
			RebuildScriptCaches (57ms)
			SetupLoadedEditorAssemblies (478ms)
				LogAssemblyErrors (0ms)
				InitializePlatformSupportModulesInManaged (16ms)
				SetLoadedEditorAssemblies (1ms)
				RefreshPlugins (2ms)
				BeforeProcessingInitializeOnLoad (113ms)
				ProcessInitializeOnLoadAttributes (308ms)
				ProcessInitializeOnLoadMethodAttributes (28ms)
				AfterProcessingInitializeOnLoad (10ms)
				EditorAssembliesLoaded (0ms)
			ExecutionOrderSort2 (0ms)
			AwakeInstancesAfterBackupRestoration (10ms)
Platform modules already initialized, skipping
Refreshing native plugins compatible for Editor in 3.62 ms, found 3 plugins.
Preloading 0 native plugins for Editor in 0.00 ms.
Unloading 3386 Unused Serialized files (Serialized files now loaded: 0)
Unloading 20 unused Assets / (81.3 KB). Loaded Objects now: 3950.
Memory consumption went from 127.1 MB to 127.0 MB.
Total: 6.189700 ms (FindLiveObjects: 0.546600 ms CreateObjectMapping: 0.237100 ms MarkObjects: 5.282300 ms  DeleteObjects: 0.122600 ms)

AssetImportParameters requested are different than current active one (requested -> active):
  custom:video-decoder-ogg-theora: a1e56fd34408186e4bbccfd4996cb3dc -> 
  custom:container-muxer-webm: aa71ff27fc2769a1b78a27578f13a17b -> 
  custom:container-demuxer-webm: 4f35f7cbe854078d1ac9338744f61a02 -> 
  custom:video-encoder-webm-vp8: eb34c28f22e8b96e1ab97ce403110664 -> 
  custom:video-codec-MediaFoundation-h265: 746d11721c4dcdbdad8f713fa42b33f4 -> 
  custom:audio-encoder-webm-vorbis: bf7c407c2cedff20999df2af8eb42d56 -> 
  custom:framework-win-MediaFoundation: 216162199b28c13a410421893ffa2e32 -> 
  custom:container-demuxer-ogg: 62fdf1f143b41e24485cea50d1cbac27 -> 
  custom:video-decoder-webm-vp8: 9c59270c3fd7afecdb556c50c9e8de78 -> 
  custom:audio-decoder-ogg-vorbis: bf7c407c2cedff20999df2af8eb42d56 -> 
========================================================================
Received Import Request.
  Time since last request: 603.281409 seconds.
  path: Assets/Models/Pants.fbx
  artifactKey: Guid(f358e95b93847dd4aacba4312da6d586) Importer(815301076,1909f56bfc062723c751e8b465ee728b)
Start importing Assets/Models/Pants.fbx using Guid(f358e95b93847dd4aacba4312da6d586) Importer(815301076,1909f56bfc062723c751e8b465ee728b)  -> (artifact id: '5872ec13da9a497d36d91b3ac0795173') in 0.170272 seconds 
========================================================================
Received Import Request.
  Time since last request: 0.657548 seconds.
  path: Assets/Models/Piano.fbx
  artifactKey: Guid(dd5ef51b9ded0ed4d84d5a36c4187ae5) Importer(815301076,1909f56bfc062723c751e8b465ee728b)
Start importing Assets/Models/Piano.fbx using Guid(dd5ef51b9ded0ed4d84d5a36c4187ae5) Importer(815301076,1909f56bfc062723c751e8b465ee728b)  -> (artifact id: '0a8fd077c98fb5320e36d9ffac0ccfcc') in 0.629486 seconds 
========================================================================
Received Import Request.
  Time since last request: 73.018910 seconds.
  path: Assets/Models/Piano.fbx
  artifactKey: Guid(dd5ef51b9ded0ed4d84d5a36c4187ae5) Importer(815301076,1909f56bfc062723c751e8b465ee728b)
Start importing Assets/Models/Piano.fbx using Guid(dd5ef51b9ded0ed4d84d5a36c4187ae5) Importer(815301076,1909f56bfc062723c751e8b465ee728b)  -> (artifact id: 'bcde4457e01a6f08765d51f6f7f7c677') in 1.009731 seconds 
========================================================================
Received Import Request.
  Time since last request: 3.518031 seconds.
  path: Assets/Models/Piano.fbx
  artifactKey: Guid(dd5ef51b9ded0ed4d84d5a36c4187ae5) Importer(815301076,1909f56bfc062723c751e8b465ee728b)
Start importing Assets/Models/Piano.fbx using Guid(dd5ef51b9ded0ed4d84d5a36c4187ae5) Importer(815301076,1909f56bfc062723c751e8b465ee728b)  -> (artifact id: '524dcfb30e154cce8830bda4839a42be') in 0.932307 seconds 
========================================================================
Received Import Request.
  Time since last request: 30.633247 seconds.
  path: Assets/Materials/04 - Default.mat
  artifactKey: Guid(22856aeed5138f048a6b2f67e103d417) Importer(815301076,1909f56bfc062723c751e8b465ee728b)
Start importing Assets/Materials/04 - Default.mat using Guid(22856aeed5138f048a6b2f67e103d417) Importer(815301076,1909f56bfc062723c751e8b465ee728b)  -> (artifact id: 'dd9c79b97aafd09ad7483f1dfdcc7e2a') in 0.013656 seconds 
========================================================================
Received Import Request.
  Time since last request: 0.000362 seconds.
  path: Assets/Materials/08 - Default.mat
  artifactKey: Guid(0b4281a87e8fde24183be7755d7c6a08) Importer(815301076,1909f56bfc062723c751e8b465ee728b)
Start importing Assets/Materials/08 - Default.mat using Guid(0b4281a87e8fde24183be7755d7c6a08) Importer(815301076,1909f56bfc062723c751e8b465ee728b)  -> (artifact id: 'b6cf9168cb2a5582fe11475cd9626d5b') in 0.031629 seconds 
========================================================================
Received Import Request.
  Time since last request: 0.001001 seconds.
  path: Assets/Materials/old_rustic_stand_Mat.mat
  artifactKey: Guid(1f312a19322d3124fadabb1cdc7523ac) Importer(815301076,1909f56bfc062723c751e8b465ee728b)
Start importing Assets/Materials/old_rustic_stand_Mat.mat using Guid(1f312a19322d3124fadabb1cdc7523ac) Importer(815301076,1909f56bfc062723c751e8b465ee728b)  -> (artifact id: '1437229e459ccbe3a056f719c55d3172') in 0.021977 seconds 
========================================================================
Received Import Request.
  Time since last request: 0.017387 seconds.
  path: Assets/Materials/MultiMat_0.mat
  artifactKey: Guid(e48e28d5f4bf9e74db6cd666215898dc) Importer(815301076,1909f56bfc062723c751e8b465ee728b)
Start importing Assets/Materials/MultiMat_0.mat using Guid(e48e28d5f4bf9e74db6cd666215898dc) Importer(815301076,1909f56bfc062723c751e8b465ee728b)  -> (artifact id: 'b19745affed3980598214317027a7c76') in 0.026389 seconds 
========================================================================
Received Import Request.
  Time since last request: 0.005820 seconds.
  path: Assets/Materials/woodkrut.mat
  artifactKey: Guid(485c1fc487db9da4a8367e189239f821) Importer(815301076,1909f56bfc062723c751e8b465ee728b)
Start importing Assets/Materials/woodkrut.mat using Guid(485c1fc487db9da4a8367e189239f821) Importer(815301076,1909f56bfc062723c751e8b465ee728b)  -> (artifact id: 'ca0f1b1a5ee8fc3e9b995f394688777a') in 0.021233 seconds 
========================================================================
Received Import Request.
  Time since last request: 0.000822 seconds.
  path: Assets/Materials/Material.012.mat
  artifactKey: Guid(0daf84bc537784f448cff1ff94ad47c6) Importer(815301076,1909f56bfc062723c751e8b465ee728b)
Start importing Assets/Materials/Material.012.mat using Guid(0daf84bc537784f448cff1ff94ad47c6) Importer(815301076,1909f56bfc062723c751e8b465ee728b)  -> (artifact id: '45900fbda226b92cafe253a6314a849a') in 0.015347 seconds 
========================================================================
Received Import Request.
  Time since last request: 0.012083 seconds.
  path: Assets/Materials/Metal.mat
  artifactKey: Guid(68056721b198dda489fdedef092b2a75) Importer(815301076,1909f56bfc062723c751e8b465ee728b)
Start importing Assets/Materials/Metal.mat using Guid(68056721b198dda489fdedef092b2a75) Importer(815301076,1909f56bfc062723c751e8b465ee728b)  -> (artifact id: '69f631415e15d00b6875f1c84c3408d0') in 0.019706 seconds 
========================================================================
Received Import Request.
  Time since last request: 0.000019 seconds.
  path: Assets/Materials/wire.mat
  artifactKey: Guid(62ccb8efff1dc0e4294e014d1c859d1f) Importer(815301076,1909f56bfc062723c751e8b465ee728b)
Start importing Assets/Materials/wire.mat using Guid(62ccb8efff1dc0e4294e014d1c859d1f) Importer(815301076,1909f56bfc062723c751e8b465ee728b)  -> (artifact id: 'ff14f574a5c5aee548abba9ae1af25cd') in 0.015610 seconds 
========================================================================
Received Import Request.
  Time since last request: 0.000026 seconds.
  path: Assets/Materials/Material.010.mat
  artifactKey: Guid(e0e95a947bee3084b8be39953c82ed99) Importer(815301076,1909f56bfc062723c751e8b465ee728b)
Start importing Assets/Materials/Material.010.mat using Guid(e0e95a947bee3084b8be39953c82ed99) Importer(815301076,1909f56bfc062723c751e8b465ee728b)  -> (artifact id: 'f2908b133c23071fe53d4e0aeec5fd76') in 0.017957 seconds 
========================================================================
Received Import Request.
  Time since last request: 0.000023 seconds.
  path: Assets/Materials/Piano Wood.mat
  artifactKey: Guid(25bcf28106d56f34caafdcb99b018123) Importer(815301076,1909f56bfc062723c751e8b465ee728b)
Start importing Assets/Materials/Piano Wood.mat using Guid(25bcf28106d56f34caafdcb99b018123) Importer(815301076,1909f56bfc062723c751e8b465ee728b)  -> (artifact id: '38150d36589c3f3d0c52df6f37e5dd9e') in 0.019843 seconds 
========================================================================
Received Import Request.
  Time since last request: 0.000032 seconds.
  path: Assets/Materials/Gold 2.mat
  artifactKey: Guid(dee20133fbfbb7145a6c6e9f7ead852f) Importer(815301076,1909f56bfc062723c751e8b465ee728b)
Start importing Assets/Materials/Gold 2.mat using Guid(dee20133fbfbb7145a6c6e9f7ead852f) Importer(815301076,1909f56bfc062723c751e8b465ee728b)  -> (artifact id: 'fcdb84d3c42ed8faf8cbbb5e8ee8f36f') in 0.026710 seconds 
========================================================================
Received Import Request.
  Time since last request: 0.000022 seconds.
  path: Assets/Materials/decor.mat
  artifactKey: Guid(9d2c74f26398f7e4b836ed3003557263) Importer(815301076,1909f56bfc062723c751e8b465ee728b)
Start importing Assets/Materials/decor.mat using Guid(9d2c74f26398f7e4b836ed3003557263) Importer(815301076,1909f56bfc062723c751e8b465ee728b)  -> (artifact id: 'fa3cc9c6c60dd12304c89a2ea341d413') in 0.010628 seconds 
========================================================================
Received Import Request.
  Time since last request: 0.000020 seconds.
  path: Assets/Materials/Material.002.mat
  artifactKey: Guid(b69be71f472bd1f4facb232fa0754a7f) Importer(815301076,1909f56bfc062723c751e8b465ee728b)
Start importing Assets/Materials/Material.002.mat using Guid(b69be71f472bd1f4facb232fa0754a7f) Importer(815301076,1909f56bfc062723c751e8b465ee728b)  -> (artifact id: '4f403677b23524b3e4a2a4b469ad99f0') in 0.007873 seconds 
========================================================================
Received Import Request.
  Time since last request: 0.000014 seconds.
  path: Assets/Materials/tvlight.mat
  artifactKey: Guid(aae748f2336c23c4c833e434310bc107) Importer(815301076,1909f56bfc062723c751e8b465ee728b)
Start importing Assets/Materials/tvlight.mat using Guid(aae748f2336c23c4c833e434310bc107) Importer(815301076,1909f56bfc062723c751e8b465ee728b)  -> (artifact id: '09df7ca4a430d5e7379807e1e622e1c9') in 0.010808 seconds 
========================================================================
Received Import Request.
  Time since last request: 0.000018 seconds.
  path: Assets/Materials/ivory.mat
  artifactKey: Guid(f51f80e0281a0024c8096a4430ab9dd6) Importer(815301076,1909f56bfc062723c751e8b465ee728b)
Start importing Assets/Materials/ivory.mat using Guid(f51f80e0281a0024c8096a4430ab9dd6) Importer(815301076,1909f56bfc062723c751e8b465ee728b)  -> (artifact id: '19d8eb11809237dc11e5c447aaa33cda') in 0.013061 seconds 
========================================================================
Received Import Request.
  Time since last request: 0.000018 seconds.
  path: Assets/Materials/soft.mat
  artifactKey: Guid(cc50e207bab422e428cd1f548391d1a0) Importer(815301076,1909f56bfc062723c751e8b465ee728b)
Start importing Assets/Materials/soft.mat using Guid(cc50e207bab422e428cd1f548391d1a0) Importer(815301076,1909f56bfc062723c751e8b465ee728b)  -> (artifact id: 'ca6e563333a4ec8c1f22b72989f764bd') in 0.011574 seconds 
========================================================================
Received Import Request.
  Time since last request: 0.000017 seconds.
  path: Assets/Materials/greyscr.mat
  artifactKey: Guid(adbb619e49663674cbb87d14f8c3020a) Importer(815301076,1909f56bfc062723c751e8b465ee728b)
Start importing Assets/Materials/greyscr.mat using Guid(adbb619e49663674cbb87d14f8c3020a) Importer(815301076,1909f56bfc062723c751e8b465ee728b)  -> (artifact id: '6c3edef8a01d6789271b25da71458974') in 0.009045 seconds 
Editor requested this worker to shutdown with reason: Scaling down because of idle timeout
AssetImportWorkerClient::OnTransportError - code=2 error=End of file
AssetImportWorker is now disconnected from the server
Process exiting
Exiting without the bug reporter. Application will terminate with return code 0